2026-01-11 09:51:15 | INFO | [CRON: Fetch Logs] Boshlandi: 2 ta qurilma (Check In qurilmasi, Check Out)
2026-01-11 09:51:16 | INFO | [CRON: Fetch Logs] Check In qurilmasi: log yo'q
2026-01-11 09:51:17 | INFO | [CRON: Fetch Logs] Check Out: log yo'q
2026-01-11 09:51:17 | INFO | [CRON: Fetch Logs] Boshlandi: 2 ta qurilma (Check In qurilmasi, Check Out qurilmasi)
2026-01-11 09:51:18 | INFO | [CRON: Fetch Logs] Check In qurilmasi: log yo'q
2026-01-11 09:51:19 | INFO | [CRON: Fetch Logs] Check Out qurilmasi: log yo'q
2026-01-11 09:52:19 | INFO | [CRON: Fetch Logs] Boshlandi: 2 ta qurilma (Check In qurilmasi, Check Out)
2026-01-11 09:52:20 | INFO | [CRON: Fetch Logs] Check In qurilmasi: log yo'q
2026-01-11 09:52:21 | INFO | [CRON: Fetch Logs] Boshlandi: 2 ta qurilma (Check In qurilmasi, Check Out qurilmasi)
2026-01-11 09:52:21 | INFO | [CRON: Fetch Logs] Check Out: log yo'q
2026-01-11 09:52:22 | INFO | [CRON: Fetch Logs] Check In qurilmasi: log yo'q
2026-01-11 09:52:23 | INFO | [CRON: Fetch Logs] Check Out qurilmasi: log yo'q
2026-01-11 09:53:23 | INFO | [CRON: Fetch Logs] Boshlandi: 2 ta qurilma (Check In qurilmasi, Check Out)
2026-01-11 09:53:25 | INFO | [CRON: Fetch Logs] Check In qurilmasi: log yo'q
2026-01-11 09:53:26 | INFO | [CRON: Fetch Logs] Boshlandi: 2 ta qurilma (Check In qurilmasi, Check Out qurilmasi)
2026-01-11 09:53:26 | INFO | [CRON: Fetch Logs] Check Out: log yo'q
2026-01-11 09:53:27 | INFO | [CRON: Fetch Logs] Check In qurilmasi: log yo'q
2026-01-11 09:53:27 | INFO | [CRON: Fetch Logs] Check Out qurilmasi: log yo'q
2026-01-11 09:54:27 | INFO | [CRON: Fetch Logs] Boshlandi: 2 ta qurilma (Check In qurilmasi, Check Out)
2026-01-11 09:54:28 | INFO | [CRON: Fetch Logs] Check In qurilmasi: log yo'q
2026-01-11 09:54:29 | INFO | [CRON: Fetch Logs] Check Out: log yo'q
2026-01-11 09:54:29 | INFO | [CRON: Fetch Logs] Boshlandi: 2 ta qurilma (Check In qurilmasi, Check Out qurilmasi)
2026-01-11 09:54:30 | INFO | [CRON: Fetch Logs] Check In qurilmasi: log yo'q
2026-01-11 09:54:31 | INFO | [CRON: Fetch Logs] Check Out qurilmasi: log yo'q
2026-01-11 09:55:31 | INFO | [CRON: Fetch Logs] Boshlandi: 2 ta qurilma (Check In qurilmasi, Check Out)
2026-01-11 09:55:32 | ERROR | [CRON: Fetch Logs] Check In qurilmasi xatosi: Connection failed: HTTPConnectionPool(host='hik2.codewar.uz', port=80): Max retries exceeded with url: /ISAPI/AccessControl/AcsEvent?format=json (Caused by NewConnectionError('<urllib3.connection.HTTPConnection object at 0x7be0cb885790>: Failed to establish a new connection: [Errno 111] Connection refused'))
2026-01-11 09:55:32 | ERROR | [CRON: Fetch Logs] Check Out xatosi: Connection failed: HTTPConnectionPool(host='hik.codewar.uz', port=80): Max retries exceeded with url: /ISAPI/AccessControl/AcsEvent?format=json (Caused by NewConnectionError('<urllib3.connection.HTTPConnection object at 0x7be0cb8f0800>: Failed to establish a new connection: [Errno 111] Connection refused'))
2026-01-11 09:55:32 | INFO | [CRON: Fetch Logs] Boshlandi: 2 ta qurilma (Check In qurilmasi, Check Out qurilmasi)
2026-01-11 09:55:32 | ERROR | [CRON: Fetch Logs] Check In qurilmasi xatosi: Connection failed: HTTPConnectionPool(host='hik2.codewar.uz', port=80): Max retries exceeded with url: /ISAPI/AccessControl/AcsEvent?format=json (Caused by NewConnectionError('<urllib3.connection.HTTPConnection object at 0x7be0cb7758e0>: Failed to establish a new connection: [Errno 111] Connection refused'))
2026-01-11 09:55:32 | ERROR | [CRON: Fetch Logs] Check Out qurilmasi xatosi: Connection failed: HTTPConnectionPool(host='hik.codewar.uz', port=80): Max retries exceeded with url: /ISAPI/AccessControl/AcsEvent?format=json (Caused by NewConnectionError('<urllib3.connection.HTTPConnection object at 0x7be0cb976330>: Failed to establish a new connection: [Errno 111] Connection refused'))
2026-01-11 09:56:32 | INFO | [CRON: Fetch Logs] Boshlandi: 2 ta qurilma (Check In qurilmasi, Check Out)
2026-01-11 09:56:34 | INFO | [CRON: Fetch Logs] Check In qurilmasi: log yo'q
2026-01-11 09:56:34 | INFO | [CRON: Fetch Logs] Check Out: log yo'q
2026-01-11 09:56:35 | INFO | [CRON: Fetch Logs] Boshlandi: 2 ta qurilma (Check In qurilmasi, Check Out qurilmasi)
2026-01-11 09:56:35 | INFO | [CRON: Fetch Logs] Check In qurilmasi: log yo'q
2026-01-11 09:56:36 | INFO | [CRON: Fetch Logs] Check Out qurilmasi: log yo'q
2026-01-11 09:57:36 | INFO | [CRON: Fetch Logs] Boshlandi: 2 ta qurilma (Check In qurilmasi, Check Out)
2026-01-11 09:57:38 | INFO | [CRON: Fetch Logs] Check In qurilmasi: log yo'q
2026-01-11 09:57:39 | INFO | [CRON: Fetch Logs] Boshlandi: 2 ta qurilma (Check In qurilmasi, Check Out qurilmasi)
2026-01-11 09:57:39 | INFO | [CRON: Fetch Logs] Check Out: log yo'q
2026-01-11 09:57:40 | INFO | [CRON: Fetch Logs] Check In qurilmasi: log yo'q
2026-01-11 09:57:41 | INFO | [CRON: Fetch Logs] Check Out qurilmasi: log yo'q
2026-01-11 09:58:40 | INFO | [CRON: Fetch Logs] Boshlandi: 2 ta qurilma (Check In qurilmasi, Check Out)
2026-01-11 09:58:42 | INFO | [CRON: Fetch Logs] Check In qurilmasi: log yo'q
2026-01-11 09:58:43 | INFO | [CRON: Fetch Logs] Check Out: log yo'q
2026-01-11 09:58:43 | INFO | [CRON: Fetch Logs] Boshlandi: 2 ta qurilma (Check In qurilmasi, Check Out qurilmasi)
2026-01-11 09:58:44 | INFO | [CRON: Fetch Logs] Check In qurilmasi: log yo'q
2026-01-11 09:58:45 | INFO | [CRON: Fetch Logs] Check Out qurilmasi: log yo'q
2026-01-11 09:59:45 | INFO | [CRON: Fetch Logs] Boshlandi: 2 ta qurilma (Check In qurilmasi, Check Out)
2026-01-11 09:59:46 | INFO | [CRON: Fetch Logs] Check In qurilmasi: log yo'q
2026-01-11 09:59:47 | INFO | [CRON: Fetch Logs] Boshlandi: 2 ta qurilma (Check In qurilmasi, Check Out qurilmasi)
2026-01-11 09:59:48 | INFO | [CRON: Fetch Logs] Check Out: log yo'q
2026-01-11 09:59:48 | INFO | [CRON: Fetch Logs] Check In qurilmasi: log yo'q
2026-01-11 09:59:49 | INFO | [CRON: Fetch Logs] Check Out qurilmasi: log yo'q
2026-01-11 10:00:50 | INFO | [CRON: Fetch Logs] Boshlandi: 2 ta qurilma (Check In qurilmasi, Check Out)
2026-01-11 10:00:51 | INFO | [CRON: Fetch Logs] Check In qurilmasi: log yo'q
2026-01-11 10:00:52 | INFO | [CRON: Fetch Logs] Boshlandi: 2 ta qurilma (Check In qurilmasi, Check Out qurilmasi)
2026-01-11 10:00:52 | INFO | [CRON: Fetch Logs] Check Out: log yo'q
2026-01-11 10:00:53 | INFO | [CRON: Fetch Logs] Check In qurilmasi: log yo'q
2026-01-11 10:00:54 | INFO | [CRON: Fetch Logs] Check Out qurilmasi: log yo'q
2026-01-11 10:01:53 | INFO | [CRON: Fetch Logs] Boshlandi: 2 ta qurilma (Check In qurilmasi, Check Out)
2026-01-11 10:01:55 | INFO | [CRON: Fetch Logs] Check In qurilmasi: log yo'q
2026-01-11 10:01:56 | INFO | [CRON: Fetch Logs] Boshlandi: 2 ta qurilma (Check In qurilmasi, Check Out qurilmasi)
2026-01-11 10:01:56 | INFO | [CRON: Fetch Logs] Check Out: log yo'q
2026-01-11 10:01:57 | INFO | [CRON: Fetch Logs] Check In qurilmasi: log yo'q
2026-01-11 10:01:58 | INFO | [CRON: Fetch Logs] Check Out qurilmasi: log yo'q
2026-01-11 10:02:57 | INFO | [CRON: Fetch Logs] Boshlandi: 2 ta qurilma (Check In qurilmasi, Check Out)
2026-01-11 10:02:59 | INFO | [CRON: Fetch Logs] Check In qurilmasi: log yo'q
2026-01-11 10:03:00 | INFO | [CRON: Fetch Logs] Check Out: log yo'q
2026-01-11 10:03:00 | INFO | [CRON: Fetch Logs] Boshlandi: 2 ta qurilma (Check In qurilmasi, Check Out qurilmasi)
2026-01-11 10:03:00 | INFO | [CRON: Fetch Logs] Check In qurilmasi: log yo'q
2026-01-11 10:03:02 | INFO | [CRON: Fetch Logs] Check Out qurilmasi: log yo'q
2026-01-11 10:04:02 | INFO | [CRON: Fetch Logs] Boshlandi: 2 ta qurilma (Check In qurilmasi, Check Out)
2026-01-11 10:04:02 | INFO | [CRON: Fetch Logs] Check In qurilmasi: log yo'q
2026-01-11 10:04:04 | INFO | [CRON: Fetch Logs] Check Out: log yo'q
2026-01-11 10:04:04 | INFO | [CRON: Fetch Logs] Boshlandi: 2 ta qurilma (Check In qurilmasi, Check Out qurilmasi)
2026-01-11 10:04:05 | INFO | [CRON: Fetch Logs] Check In qurilmasi: log yo'q
2026-01-11 10:04:06 | INFO | [CRON: Fetch Logs] Check Out qurilmasi: log yo'q
2026-01-11 10:05:06 | INFO | [CRON: Fetch Logs] Boshlandi: 2 ta qurilma (Check In qurilmasi, Check Out)
2026-01-11 10:05:07 | INFO | [CRON: Fetch Logs] Check In qurilmasi: log yo'q
2026-01-11 10:05:08 | INFO | [CRON: Fetch Logs] Boshlandi: 2 ta qurilma (Check In qurilmasi, Check Out qurilmasi)
2026-01-11 10:05:08 | INFO | [CRON: Fetch Logs] Check Out: log yo'q
2026-01-11 10:05:09 | INFO | [CRON: Fetch Logs] Check In qurilmasi: log yo'q
2026-01-11 10:05:10 | INFO | [CRON: Fetch Logs] Check Out qurilmasi: log yo'q
2026-01-11 10:06:10 | INFO | [CRON: Fetch Logs] Boshlandi: 2 ta qurilma (Check In qurilmasi, Check Out)
2026-01-11 10:06:11 | INFO | [CRON: Fetch Logs] Check In qurilmasi: log yo'q
2026-01-11 10:06:12 | INFO | [CRON: Fetch Logs] Check Out: log yo'q
2026-01-11 10:06:12 | INFO | [CRON: Fetch Logs] Boshlandi: 2 ta qurilma (Check In qurilmasi, Check Out qurilmasi)
2026-01-11 10:06:13 | INFO | [CRON: Fetch Logs] Check In qurilmasi: log yo'q
2026-01-11 10:06:14 | INFO | [CRON: Fetch Logs] Check Out qurilmasi: log yo'q
2026-01-11 10:07:14 | INFO | [CRON: Fetch Logs] Boshlandi: 2 ta qurilma (Check In qurilmasi, Check Out)
2026-01-11 10:07:16 | INFO | [CRON: Fetch Logs] Check In qurilmasi: log yo'q
2026-01-11 10:07:17 | INFO | [CRON: Fetch Logs] Boshlandi: 2 ta qurilma (Check In qurilmasi, Check Out qurilmasi)
2026-01-11 10:07:17 | INFO | [CRON: Fetch Logs] Check Out: log yo'q
2026-01-11 10:07:18 | INFO | [CRON: Fetch Logs] Check In qurilmasi: log yo'q
2026-01-11 10:07:19 | INFO | [CRON: Fetch Logs] Check Out qurilmasi: log yo'q
2026-01-11 10:08:18 | INFO | [CRON: Fetch Logs] Boshlandi: 2 ta qurilma (Check In qurilmasi, Check Out)
2026-01-11 10:08:19 | INFO | [CRON: Fetch Logs] Check In qurilmasi: log yo'q
2026-01-11 10:08:22 | INFO | [CRON: Fetch Logs] Check Out: log yo'q
2026-01-11 10:08:22 | INFO | [CRON: Fetch Logs] Boshlandi: 2 ta qurilma (Check In qurilmasi, Check Out qurilmasi)
2026-01-11 10:08:24 | INFO | [CRON: Fetch Logs] Check In qurilmasi: log yo'q
2026-01-11 10:08:37 | ERROR | [CRON: Fetch Logs] Check Out qurilmasi xatosi: Connection failed: HTTPConnectionPool(host='hik.codewar.uz', port=80): Read timed out. (read timeout=10)
2026-01-11 10:09:30 | INFO | [CRON: Fetch Logs] Boshlandi: 2 ta qurilma (Check In qurilmasi, Check Out)
2026-01-11 10:09:32 | INFO | [CRON: Fetch Logs] Check In qurilmasi: log yo'q
2026-01-11 10:09:33 | INFO | [CRON: Fetch Logs] Check Out: log yo'q
2026-01-11 10:09:34 | INFO | [CRON: Fetch Logs] Boshlandi: 2 ta qurilma (Check In qurilmasi, Check Out qurilmasi)
2026-01-11 10:09:35 | INFO | [CRON: Fetch Logs] Check In qurilmasi: log yo'q
2026-01-11 10:09:36 | INFO | [CRON: Fetch Logs] Check Out qurilmasi: log yo'q
2026-01-11 10:10:37 | INFO | [CRON: Fetch Logs] Boshlandi: 2 ta qurilma (Check In qurilmasi, Check Out)
2026-01-11 10:10:39 | INFO | [CRON: Fetch Logs] Check In qurilmasi: log yo'q
2026-01-11 10:10:40 | INFO | [CRON: Fetch Logs] Check Out: log yo'q
2026-01-11 10:10:40 | INFO | [CRON: Fetch Logs] Boshlandi: 2 ta qurilma (Check In qurilmasi, Check Out qurilmasi)
2026-01-11 10:10:41 | INFO | [CRON: Fetch Logs] Check In qurilmasi: log yo'q
2026-01-11 10:10:42 | INFO | [CRON: Fetch Logs] Check Out qurilmasi: log yo'q
2026-01-11 10:11:42 | INFO | [CRON: Fetch Logs] Boshlandi: 2 ta qurilma (Check In qurilmasi, Check Out)
2026-01-11 10:11:43 | INFO | [CRON: Fetch Logs] Check In qurilmasi: log yo'q
2026-01-11 10:11:44 | INFO | [CRON: Fetch Logs] Check Out: log yo'q
2026-01-11 10:11:44 | INFO | [CRON: Fetch Logs] Boshlandi: 2 ta qurilma (Check In qurilmasi, Check Out qurilmasi)
2026-01-11 10:11:45 | INFO | [CRON: Fetch Logs] Check In qurilmasi: log yo'q
2026-01-11 10:11:46 | INFO | [CRON: Fetch Logs] Check Out qurilmasi: log yo'q
2026-01-11 10:12:46 | INFO | [CRON: Fetch Logs] Boshlandi: 2 ta qurilma (Check In qurilmasi, Check Out)
2026-01-11 10:12:47 | INFO | [CRON: Fetch Logs] Check In qurilmasi: log yo'q
2026-01-11 10:12:48 | INFO | [CRON: Fetch Logs] Boshlandi: 2 ta qurilma (Check In qurilmasi, Check Out qurilmasi)
2026-01-11 10:12:49 | INFO | [CRON: Fetch Logs] Check Out: log yo'q
2026-01-11 10:12:49 | INFO | [CRON: Fetch Logs] Check In qurilmasi: log yo'q
2026-01-11 10:12:50 | INFO | [CRON: Fetch Logs] Check Out qurilmasi: log yo'q
2026-01-11 10:13:50 | INFO | [CRON: Fetch Logs] Boshlandi: 2 ta qurilma (Check In qurilmasi, Check Out)
2026-01-11 10:13:51 | INFO | [CRON: Fetch Logs] Check In qurilmasi: log yo'q
2026-01-11 10:13:52 | INFO | [CRON: Fetch Logs] Check Out: log yo'q
2026-01-11 10:13:52 | INFO | [CRON: Fetch Logs] Boshlandi: 2 ta qurilma (Check In qurilmasi, Check Out qurilmasi)
2026-01-11 10:13:53 | INFO | [CRON: Fetch Logs] Check In qurilmasi: log yo'q
2026-01-11 10:13:54 | INFO | [CRON: Fetch Logs] Check Out qurilmasi: log yo'q
2026-01-11 10:14:54 | INFO | [CRON: Fetch Logs] Boshlandi: 2 ta qurilma (Check In qurilmasi, Check Out)
2026-01-11 10:14:55 | INFO | [CRON: Fetch Logs] Check In qurilmasi: log yo'q
2026-01-11 10:14:56 | INFO | [CRON: Fetch Logs] Check Out: log yo'q
2026-01-11 10:14:56 | INFO | [CRON: Fetch Logs] Boshlandi: 2 ta qurilma (Check In qurilmasi, Check Out qurilmasi)
2026-01-11 10:14:57 | INFO | [CRON: Fetch Logs] Check In qurilmasi: log yo'q
2026-01-11 10:14:58 | INFO | [CRON: Fetch Logs] Check Out qurilmasi: log yo'q
2026-01-11 10:15:58 | INFO | [CRON: Fetch Logs] Boshlandi: 2 ta qurilma (Check In qurilmasi, Check Out)
2026-01-11 10:15:59 | INFO | [CRON: Fetch Logs] Check In qurilmasi: log yo'q
2026-01-11 10:16:00 | INFO | [CRON: Fetch Logs] Check Out: log yo'q
2026-01-11 10:16:00 | INFO | [CRON: Fetch Logs] Boshlandi: 2 ta qurilma (Check In qurilmasi, Check Out qurilmasi)
2026-01-11 10:16:01 | INFO | [CRON: Fetch Logs] Check In qurilmasi: log yo'q
2026-01-11 10:16:02 | INFO | [CRON: Fetch Logs] Check Out qurilmasi: log yo'q
2026-01-11 10:17:02 | INFO | [CRON: Fetch Logs] Boshlandi: 2 ta qurilma (Check In qurilmasi, Check Out)
2026-01-11 10:17:03 | INFO | [CRON: Fetch Logs] Check In qurilmasi: log yo'q
2026-01-11 10:17:04 | INFO | [CRON: Fetch Logs] Boshlandi: 2 ta qurilma (Check In qurilmasi, Check Out qurilmasi)
2026-01-11 10:17:04 | INFO | [CRON: Fetch Logs] Check Out: log yo'q
2026-01-11 10:17:05 | INFO | [CRON: Fetch Logs] Check In qurilmasi: log yo'q
2026-01-11 10:17:06 | INFO | [CRON: Fetch Logs] Check Out qurilmasi: log yo'q
2026-01-11 10:18:06 | INFO | [CRON: Fetch Logs] Boshlandi: 2 ta qurilma (Check In qurilmasi, Check Out)
2026-01-11 10:18:07 | INFO | [CRON: Fetch Logs] Check In qurilmasi: log yo'q
2026-01-11 10:18:08 | INFO | [CRON: Fetch Logs] Check Out: log yo'q
2026-01-11 10:18:09 | INFO | [CRON: Fetch Logs] Boshlandi: 2 ta qurilma (Check In qurilmasi, Check Out qurilmasi)
2026-01-11 10:18:10 | INFO | [CRON: Fetch Logs] Check In qurilmasi: log yo'q
2026-01-11 10:18:11 | INFO | [CRON: Fetch Logs] Check Out qurilmasi: log yo'q
2026-01-11 10:19:11 | INFO | [CRON: Fetch Logs] Boshlandi: 2 ta qurilma (Check In qurilmasi, Check Out)
2026-01-11 10:19:12 | INFO | [CRON: Fetch Logs] Check In qurilmasi: log yo'q
2026-01-11 10:19:13 | INFO | [CRON: Fetch Logs] Check Out: log yo'q
2026-01-11 10:19:13 | INFO | [CRON: Fetch Logs] Boshlandi: 2 ta qurilma (Check In qurilmasi, Check Out qurilmasi)
2026-01-11 10:19:14 | INFO | [CRON: Fetch Logs] Check In qurilmasi: log yo'q
2026-01-11 10:19:15 | INFO | [CRON: Fetch Logs] Check Out qurilmasi: log yo'q
2026-01-11 10:20:16 | INFO | [CRON: Fetch Logs] Boshlandi: 2 ta qurilma (Check In qurilmasi, Check Out)
2026-01-11 10:20:17 | INFO | [CRON: Fetch Logs] Check In qurilmasi: log yo'q
2026-01-11 10:20:18 | INFO | [CRON: Fetch Logs] Check Out: log yo'q
2026-01-11 10:20:18 | INFO | [CRON: Fetch Logs] Boshlandi: 2 ta qurilma (Check In qurilmasi, Check Out qurilmasi)
2026-01-11 10:20:20 | INFO | [CRON: Fetch Logs] Check In qurilmasi: log yo'q
2026-01-11 10:20:21 | INFO | [CRON: Fetch Logs] Check Out qurilmasi: log yo'q
2026-01-11 10:21:22 | INFO | [CRON: Fetch Logs] Boshlandi: 2 ta qurilma (Check In qurilmasi, Check Out)
2026-01-11 10:21:23 | INFO | [CRON: Fetch Logs] Check In qurilmasi: log yo'q
2026-01-11 10:21:23 | INFO | [CRON: Fetch Logs] Check Out: log yo'q
2026-01-11 10:21:23 | INFO | [CRON: Fetch Logs] Boshlandi: 2 ta qurilma (Check In qurilmasi, Check Out qurilmasi)
2026-01-11 10:21:24 | INFO | [CRON: Fetch Logs] Check In qurilmasi: log yo'q
2026-01-11 10:21:25 | INFO | [CRON: Fetch Logs] Check Out qurilmasi: log yo'q
2026-01-11 10:22:25 | INFO | [CRON: Fetch Logs] Boshlandi: 2 ta qurilma (Check In qurilmasi, Check Out)
2026-01-11 10:22:27 | INFO | [CRON: Fetch Logs] Check In qurilmasi: log yo'q
2026-01-11 10:22:28 | INFO | [CRON: Fetch Logs] Boshlandi: 2 ta qurilma (Check In qurilmasi, Check Out qurilmasi)
2026-01-11 10:22:28 | INFO | [CRON: Fetch Logs] Check Out: log yo'q
2026-01-11 10:22:29 | INFO | [CRON: Fetch Logs] Check In qurilmasi: log yo'q
2026-01-11 10:22:30 | INFO | [CRON: Fetch Logs] Check Out qurilmasi: log yo'q
2026-01-11 10:23:29 | INFO | [CRON: Fetch Logs] Boshlandi: 2 ta qurilma (Check In qurilmasi, Check Out)
2026-01-11 10:23:30 | INFO | [CRON: Fetch Logs] Check In qurilmasi: log yo'q
2026-01-11 10:23:32 | INFO | [CRON: Fetch Logs] Check Out: log yo'q
2026-01-11 10:23:32 | INFO | [CRON: Fetch Logs] Boshlandi: 2 ta qurilma (Check In qurilmasi, Check Out qurilmasi)
2026-01-11 10:23:32 | INFO | [CRON: Fetch Logs] Check In qurilmasi: log yo'q
2026-01-11 10:23:33 | INFO | [CRON: Fetch Logs] Check Out qurilmasi: log yo'q
2026-01-11 10:24:33 | INFO | [CRON: Fetch Logs] Boshlandi: 2 ta qurilma (Check In qurilmasi, Check Out)
2026-01-11 10:24:35 | INFO | [CRON: Fetch Logs] Check In qurilmasi: log yo'q
2026-01-11 10:24:36 | INFO | [CRON: Fetch Logs] Boshlandi: 2 ta qurilma (Check In qurilmasi, Check Out qurilmasi)
2026-01-11 10:24:36 | INFO | [CRON: Fetch Logs] Check Out: log yo'q
2026-01-11 10:24:36 | INFO | [CRON: Fetch Logs] Check In qurilmasi: log yo'q
2026-01-11 10:24:37 | INFO | [CRON: Fetch Logs] Check Out qurilmasi: log yo'q
2026-01-11 10:25:37 | INFO | [CRON: Fetch Logs] Boshlandi: 2 ta qurilma (Check In qurilmasi, Check Out)
2026-01-11 10:25:38 | INFO | [CRON: Fetch Logs] Check In qurilmasi: log yo'q
2026-01-11 10:25:39 | INFO | [CRON: Fetch Logs] Check Out: log yo'q
2026-01-11 10:25:39 | INFO | [CRON: Fetch Logs] Boshlandi: 2 ta qurilma (Check In qurilmasi, Check Out qurilmasi)
2026-01-11 10:25:40 | INFO | [CRON: Fetch Logs] Check In qurilmasi: log yo'q
2026-01-11 10:25:41 | INFO | [CRON: Fetch Logs] Check Out qurilmasi: log yo'q
2026-01-11 10:26:41 | INFO | [CRON: Fetch Logs] Boshlandi: 2 ta qurilma (Check In qurilmasi, Check Out)
2026-01-11 10:26:42 | INFO | [CRON: Fetch Logs] Check In qurilmasi: log yo'q
2026-01-11 10:26:43 | INFO | [CRON: Fetch Logs] Check Out: log yo'q
2026-01-11 10:26:43 | INFO | [CRON: Fetch Logs] Boshlandi: 2 ta qurilma (Check In qurilmasi, Check Out qurilmasi)
2026-01-11 10:26:45 | INFO | [CRON: Fetch Logs] Check In qurilmasi: log yo'q
2026-01-11 10:26:45 | INFO | [CRON: Fetch Logs] Check Out qurilmasi: log yo'q
2026-01-11 10:27:45 | INFO | [CRON: Fetch Logs] Boshlandi: 2 ta qurilma (Check In qurilmasi, Check Out)
2026-01-11 10:27:47 | INFO | [CRON: Fetch Logs] Check In qurilmasi: log yo'q
2026-01-11 10:27:48 | INFO | [CRON: Fetch Logs] Boshlandi: 2 ta qurilma (Check In qurilmasi, Check Out qurilmasi)
2026-01-11 10:27:48 | INFO | [CRON: Fetch Logs] Check Out: log yo'q
2026-01-11 10:27:49 | INFO | [CRON: Fetch Logs] Check In qurilmasi: log yo'q
2026-01-11 10:27:50 | INFO | [CRON: Fetch Logs] Check Out qurilmasi: log yo'q
2026-01-11 10:28:49 | INFO | [CRON: Fetch Logs] Boshlandi: 2 ta qurilma (Check In qurilmasi, Check Out)
2026-01-11 10:28:51 | INFO | [CRON: Fetch Logs] Check In qurilmasi: log yo'q
2026-01-11 10:28:53 | INFO | [CRON: Fetch Logs] Check Out: log yo'q
2026-01-11 10:28:53 | INFO | [CRON: Fetch Logs] Boshlandi: 2 ta qurilma (Check In qurilmasi, Check Out qurilmasi)
2026-01-11 10:28:54 | INFO | [CRON: Fetch Logs] Check In qurilmasi: log yo'q
2026-01-11 10:28:55 | INFO | [CRON: Fetch Logs] Check Out qurilmasi: log yo'q
2026-01-11 10:29:55 | INFO | [CRON: Fetch Logs] Boshlandi: 2 ta qurilma (Check In qurilmasi, Check Out)
2026-01-11 10:29:56 | INFO | [CRON: Fetch Logs] Check In qurilmasi: log yo'q
2026-01-11 10:29:58 | INFO | [CRON: Fetch Logs] Check Out: log yo'q
2026-01-11 10:29:58 | INFO | [CRON: Fetch Logs] Boshlandi: 2 ta qurilma (Check In qurilmasi, Check Out qurilmasi)
2026-01-11 10:29:59 | INFO | [CRON: Fetch Logs] Check In qurilmasi: log yo'q
2026-01-11 10:30:00 | INFO | [CRON: Fetch Logs] Check Out qurilmasi: log yo'q
2026-01-11 10:30:59 | INFO | [CRON: Fetch Logs] Boshlandi: 2 ta qurilma (Check In qurilmasi, Check Out)
2026-01-11 10:31:00 | INFO | [CRON: Fetch Logs] Check In qurilmasi: log yo'q
2026-01-11 10:31:01 | INFO | [CRON: Fetch Logs] Check Out: log yo'q
2026-01-11 10:31:02 | INFO | [CRON: Fetch Logs] Boshlandi: 2 ta qurilma (Check In qurilmasi, Check Out qurilmasi)
2026-01-11 10:31:03 | INFO | [CRON: Fetch Logs] Check In qurilmasi: log yo'q
2026-01-11 10:31:03 | INFO | [CRON: Fetch Logs] Check Out qurilmasi: log yo'q
2026-01-11 10:32:03 | INFO | [CRON: Fetch Logs] Boshlandi: 2 ta qurilma (Check In qurilmasi, Check Out)
2026-01-11 10:32:05 | INFO | [CRON: Fetch Logs] Check In qurilmasi: log yo'q
2026-01-11 10:32:06 | INFO | [CRON: Fetch Logs] Boshlandi: 2 ta qurilma (Check In qurilmasi, Check Out qurilmasi)
2026-01-11 10:32:06 | INFO | [CRON: Fetch Logs] Check Out: log yo'q
2026-01-11 10:32:07 | INFO | [CRON: Fetch Logs] Check In qurilmasi: log yo'q
2026-01-11 10:32:07 | INFO | [CRON: Fetch Logs] Check Out qurilmasi: log yo'q
2026-01-11 10:33:07 | INFO | [CRON: Fetch Logs] Boshlandi: 2 ta qurilma (Check In qurilmasi, Check Out)
2026-01-11 10:33:08 | INFO | [CRON: Fetch Logs] Check In qurilmasi: log yo'q
2026-01-11 10:33:09 | INFO | [CRON: Fetch Logs] Check Out: log yo'q
2026-01-11 10:33:09 | INFO | [CRON: Fetch Logs] Boshlandi: 2 ta qurilma (Check In qurilmasi, Check Out qurilmasi)
2026-01-11 10:33:10 | INFO | [CRON: Fetch Logs] Check In qurilmasi: log yo'q
2026-01-11 10:33:11 | INFO | [CRON: Fetch Logs] Check Out qurilmasi: log yo'q
2026-01-11 10:34:11 | INFO | [CRON: Fetch Logs] Boshlandi: 2 ta qurilma (Check In qurilmasi, Check Out)
2026-01-11 10:34:13 | INFO | [CRON: Fetch Logs] Check In qurilmasi: log yo'q
2026-01-11 10:34:15 | INFO | [CRON: Fetch Logs] Check Out: log yo'q
2026-01-11 10:34:15 | INFO | [CRON: Fetch Logs] Boshlandi: 2 ta qurilma (Check In qurilmasi, Check Out qurilmasi)
2026-01-11 10:34:16 | INFO | [CRON: Fetch Logs] Check In qurilmasi: log yo'q
2026-01-11 10:34:17 | INFO | [CRON: Fetch Logs] Check Out qurilmasi: log yo'q
2026-01-11 20:05:40 | INFO | [CRON: Fetch Logs] Boshlandi: 2 ta qurilma (Check In qurilmasi, Check Out)
2026-01-11 20:05:40 | ERROR | [CRON: Fetch Logs] Check In qurilmasi xatosi: Connection failed: HTTPConnectionPool(host='hik2.codewar.uz', port=80): Max retries exceeded with url: /ISAPI/AccessControl/AcsEvent?format=json (Caused by NameResolutionError("<urllib3.connection.HTTPConnection object at 0x7be0ccaba690>: Failed to resolve 'hik2.codewar.uz' ([Errno -2] Name or service not known)"))
2026-01-11 20:05:40 | ERROR | [CRON: Fetch Logs] Check Out xatosi: Connection failed: HTTPConnectionPool(host='hik.codewar.uz', port=80): Max retries exceeded with url: /ISAPI/AccessControl/AcsEvent?format=json (Caused by NameResolutionError("<urllib3.connection.HTTPConnection object at 0x7be0ccab8080>: Failed to resolve 'hik.codewar.uz' ([Errno -2] Name or service not known)"))
2026-01-11 20:05:40 | INFO | [CRON: Auto Close] Boshlandi: 2026-01-11 20:05:40
2026-01-11 20:05:40 | INFO | [CRON: Auto Close] Ochiq davomat yozuvlari topilmadi
2026-01-11 20:05:43 | INFO | [CRON: Fetch Logs] Boshlandi: 2 ta qurilma (Check In qurilmasi, Check Out qurilmasi)
2026-01-11 20:05:43 | ERROR | [CRON: Fetch Logs] Check In qurilmasi xatosi: Connection failed: HTTPConnectionPool(host='hik2.codewar.uz', port=80): Max retries exceeded with url: /ISAPI/AccessControl/AcsEvent?format=json (Caused by NameResolutionError("<urllib3.connection.HTTPConnection object at 0x7be0ccaa0fb0>: Failed to resolve 'hik2.codewar.uz' ([Errno -2] Name or service not known)"))
2026-01-11 20:05:43 | ERROR | [CRON: Fetch Logs] Check Out qurilmasi xatosi: Connection failed: HTTPConnectionPool(host='hik.codewar.uz', port=80): Max retries exceeded with url: /ISAPI/AccessControl/AcsEvent?format=json (Caused by NameResolutionError("<urllib3.connection.HTTPConnection object at 0x7be0d514bf80>: Failed to resolve 'hik.codewar.uz' ([Errno -2] Name or service not known)"))
2026-01-11 20:05:44 | INFO | [CRON: Auto Close] Boshlandi: 2026-01-11 20:05:44
2026-01-11 20:05:44 | INFO | [CRON: Auto Close] Ochiq davomat yozuvlari topilmadi
2026-01-11 20:06:45 | INFO | [CRON: Fetch Logs] Boshlandi: 2 ta qurilma (Check In qurilmasi, Check Out)
2026-01-11 20:06:46 | INFO | [CRON: Fetch Logs] Check In qurilmasi: 3 ta log topildi
2026-01-11 20:06:47 | INFO | [CRON: Fetch Logs] Boshlandi: 2 ta qurilma (Check In qurilmasi, Check Out qurilmasi)
2026-01-11 20:06:47 | INFO | [CRON: Fetch Logs] Check Out: log yo'q
2026-01-11 20:06:47 | INFO | [CRON: Fetch Logs] Yakunlandi: Yangi=0, Skip=3, Xato=0
2026-01-11 20:06:48 | INFO | [CRON: Fetch Logs] Check In qurilmasi: 3 ta log topildi
2026-01-11 20:06:48 | INFO | [CRON: Fetch Logs] Check Out qurilmasi: log yo'q
2026-01-11 20:06:48 | INFO | [CRON: Fetch Logs] Yakunlandi: Yangi=0, Skip=3, Xato=0
2026-01-11 20:07:49 | INFO | [CRON: Fetch Logs] Boshlandi: 2 ta qurilma (Check In qurilmasi, Check Out)
2026-01-11 20:07:51 | INFO | [CRON: Fetch Logs] Boshlandi: 2 ta qurilma (Check In qurilmasi, Check Out qurilmasi)
2026-01-11 20:07:52 | INFO | [CRON: Fetch Logs] Check In qurilmasi: log yo'q
2026-01-11 20:07:52 | INFO | [CRON: Fetch Logs] Check In qurilmasi: log yo'q
2026-01-11 20:07:54 | INFO | [CRON: Fetch Logs] Check Out qurilmasi: log yo'q
2026-01-11 20:07:54 | INFO | [CRON: Fetch Logs] Check Out: log yo'q
2026-01-11 20:08:54 | INFO | [CRON: Fetch Logs] Boshlandi: 2 ta qurilma (Check In qurilmasi, Check Out)
2026-01-11 20:08:55 | INFO | [CRON: Fetch Logs] Check In qurilmasi: log yo'q
2026-01-11 20:08:57 | INFO | [CRON: Fetch Logs] Check Out: log yo'q
2026-01-11 20:08:57 | INFO | [CRON: Fetch Logs] Boshlandi: 2 ta qurilma (Check In qurilmasi, Check Out qurilmasi)
2026-01-11 20:08:58 | INFO | [CRON: Fetch Logs] Check In qurilmasi: log yo'q
2026-01-11 20:08:59 | INFO | [CRON: Fetch Logs] Check Out qurilmasi: log yo'q
2026-01-11 20:10:01 | INFO | [CRON: Fetch Logs] Boshlandi: 2 ta qurilma (Check In qurilmasi, Check Out)
2026-01-11 20:10:01 | INFO | [CRON: Fetch Logs] Check In qurilmasi: log yo'q
2026-01-11 20:10:02 | INFO | [CRON: Fetch Logs] Boshlandi: 2 ta qurilma (Check In qurilmasi, Check Out qurilmasi)
2026-01-11 20:10:02 | INFO | [CRON: Fetch Logs] Check Out: log yo'q
2026-01-11 20:10:03 | INFO | [CRON: Fetch Logs] Check In qurilmasi: log yo'q
2026-01-11 20:10:04 | INFO | [CRON: Fetch Logs] Check Out qurilmasi: log yo'q
2026-01-11 20:11:03 | INFO | [CRON: Fetch Logs] Boshlandi: 2 ta qurilma (Check In qurilmasi, Check Out)
2026-01-11 20:11:04 | INFO | [CRON: Fetch Logs] Check In qurilmasi: log yo'q
2026-01-11 20:11:05 | INFO | [CRON: Fetch Logs] Check Out: log yo'q
2026-01-11 20:11:05 | INFO | [CRON: Fetch Logs] Boshlandi: 2 ta qurilma (Check In qurilmasi, Check Out qurilmasi)
2026-01-11 20:11:06 | INFO | [CRON: Fetch Logs] Check In qurilmasi: log yo'q
2026-01-11 20:11:07 | INFO | [CRON: Fetch Logs] Check Out qurilmasi: log yo'q
2026-01-11 20:12:07 | INFO | [CRON: Fetch Logs] Boshlandi: 2 ta qurilma (Check In qurilmasi, Check Out)
2026-01-11 20:12:08 | INFO | [CRON: Fetch Logs] Check In qurilmasi: log yo'q
2026-01-11 20:12:09 | INFO | [CRON: Fetch Logs] Boshlandi: 2 ta qurilma (Check In qurilmasi, Check Out qurilmasi)
2026-01-11 20:12:09 | INFO | [CRON: Fetch Logs] Check Out: log yo'q
2026-01-11 20:12:10 | INFO | [CRON: Fetch Logs] Check In qurilmasi: log yo'q
2026-01-11 20:12:11 | INFO | [CRON: Fetch Logs] Check Out qurilmasi: log yo'q
2026-01-11 20:13:10 | INFO | [CRON: Fetch Logs] Boshlandi: 2 ta qurilma (Check In qurilmasi, Check Out)
2026-01-11 20:13:12 | INFO | [CRON: Fetch Logs] Check In qurilmasi: log yo'q
2026-01-11 20:13:12 | INFO | [CRON: Fetch Logs] Check Out: log yo'q
2026-01-11 20:13:13 | INFO | [CRON: Fetch Logs] Boshlandi: 2 ta qurilma (Check In qurilmasi, Check Out qurilmasi)
2026-01-11 20:13:13 | INFO | [CRON: Fetch Logs] Check In qurilmasi: log yo'q
2026-01-11 20:13:14 | INFO | [CRON: Fetch Logs] Check Out qurilmasi: log yo'q
2026-01-11 20:14:14 | INFO | [CRON: Fetch Logs] Boshlandi: 2 ta qurilma (Check In qurilmasi, Check Out)
2026-01-11 20:14:16 | INFO | [CRON: Fetch Logs] Check In qurilmasi: log yo'q
2026-01-11 20:14:17 | INFO | [CRON: Fetch Logs] Boshlandi: 2 ta qurilma (Check In qurilmasi, Check Out qurilmasi)
2026-01-11 20:14:17 | INFO | [CRON: Fetch Logs] Check Out: log yo'q
2026-01-11 20:14:18 | INFO | [CRON: Fetch Logs] Check In qurilmasi: log yo'q
2026-01-11 20:14:18 | INFO | [CRON: Fetch Logs] Check Out qurilmasi: log yo'q
2026-01-11 20:15:19 | INFO | [CRON: Fetch Logs] Boshlandi: 2 ta qurilma (Check In qurilmasi, Check Out)
2026-01-11 20:15:19 | INFO | [CRON: Fetch Logs] Check In qurilmasi: log yo'q
2026-01-11 20:15:21 | INFO | [CRON: Fetch Logs] Boshlandi: 2 ta qurilma (Check In qurilmasi, Check Out qurilmasi)
2026-01-11 20:15:21 | INFO | [CRON: Fetch Logs] Check Out: log yo'q
2026-01-11 20:15:22 | INFO | [CRON: Fetch Logs] Check In qurilmasi: log yo'q
2026-01-11 20:15:23 | INFO | [CRON: Fetch Logs] Check Out qurilmasi: log yo'q
2026-01-11 20:16:24 | INFO | [CRON: Fetch Logs] Boshlandi: 2 ta qurilma (Check In qurilmasi, Check Out)
2026-01-11 20:16:25 | INFO | [CRON: Fetch Logs] Check In qurilmasi: log yo'q
2026-01-11 20:16:26 | INFO | [CRON: Fetch Logs] Check Out: log yo'q
2026-01-11 20:16:27 | INFO | [CRON: Fetch Logs] Boshlandi: 2 ta qurilma (Check In qurilmasi, Check Out qurilmasi)
2026-01-11 20:16:28 | INFO | [CRON: Fetch Logs] Check In qurilmasi: log yo'q
2026-01-11 20:16:29 | INFO | [CRON: Fetch Logs] Check Out qurilmasi: log yo'q
2026-01-11 20:17:29 | INFO | [CRON: Fetch Logs] Boshlandi: 2 ta qurilma (Check In qurilmasi, Check Out)
2026-01-11 20:17:30 | INFO | [CRON: Fetch Logs] Check In qurilmasi: log yo'q
2026-01-11 20:17:32 | INFO | [CRON: Fetch Logs] Check Out: log yo'q
2026-01-11 20:17:32 | INFO | [CRON: Fetch Logs] Boshlandi: 2 ta qurilma (Check In qurilmasi, Check Out qurilmasi)
2026-01-11 20:17:33 | INFO | [CRON: Fetch Logs] Check In qurilmasi: log yo'q
2026-01-11 20:17:35 | INFO | [CRON: Fetch Logs] Check Out qurilmasi: log yo'q
2026-01-11 20:18:35 | INFO | [CRON: Fetch Logs] Boshlandi: 2 ta qurilma (Check In qurilmasi, Check Out)
2026-01-11 20:18:36 | INFO | [CRON: Fetch Logs] Check In qurilmasi: log yo'q
2026-01-11 20:18:36 | INFO | [CRON: Fetch Logs] Boshlandi: 2 ta qurilma (Check In qurilmasi, Check Out qurilmasi)
2026-01-11 20:18:37 | INFO | [CRON: Fetch Logs] Check In qurilmasi: log yo'q
2026-01-11 20:18:37 | INFO | [CRON: Fetch Logs] Check Out: log yo'q
2026-01-11 20:18:38 | INFO | [CRON: Fetch Logs] Check Out qurilmasi: log yo'q
2026-01-11 20:19:38 | INFO | [CRON: Fetch Logs] Boshlandi: 2 ta qurilma (Check In qurilmasi, Check Out)
2026-01-11 20:19:39 | INFO | [CRON: Fetch Logs] Check In qurilmasi: log yo'q
2026-01-11 20:19:40 | INFO | [CRON: Fetch Logs] Boshlandi: 2 ta qurilma (Check In qurilmasi, Check Out qurilmasi)
2026-01-11 20:19:40 | INFO | [CRON: Fetch Logs] Check Out: log yo'q
2026-01-11 20:19:41 | INFO | [CRON: Fetch Logs] Check In qurilmasi: log yo'q
2026-01-11 20:19:41 | INFO | [CRON: Fetch Logs] Check Out qurilmasi: log yo'q
2026-01-11 20:20:41 | INFO | [CRON: Fetch Logs] Boshlandi: 2 ta qurilma (Check In qurilmasi, Check Out)
2026-01-11 20:20:42 | INFO | [CRON: Fetch Logs] Check In qurilmasi: log yo'q
2026-01-11 20:20:43 | INFO | [CRON: Fetch Logs] Boshlandi: 2 ta qurilma (Check In qurilmasi, Check Out qurilmasi)
2026-01-11 20:20:43 | INFO | [CRON: Fetch Logs] Check Out: log yo'q
2026-01-11 20:20:44 | INFO | [CRON: Fetch Logs] Check In qurilmasi: log yo'q
2026-01-11 20:20:45 | INFO | [CRON: Fetch Logs] Check Out qurilmasi: log yo'q
2026-01-11 20:21:46 | INFO | [CRON: Fetch Logs] Boshlandi: 2 ta qurilma (Check In qurilmasi, Check Out)
2026-01-11 20:21:47 | INFO | [CRON: Fetch Logs] Boshlandi: 2 ta qurilma (Check In qurilmasi, Check Out qurilmasi)
2026-01-11 20:21:47 | INFO | [CRON: Fetch Logs] Check In qurilmasi: log yo'q
2026-01-11 20:21:48 | INFO | [CRON: Fetch Logs] Check In qurilmasi: log yo'q
2026-01-11 20:21:48 | INFO | [CRON: Fetch Logs] Check Out: log yo'q
2026-01-11 20:21:49 | INFO | [CRON: Fetch Logs] Check Out qurilmasi: log yo'q
2026-01-11 20:22:48 | INFO | [CRON: Fetch Logs] Boshlandi: 2 ta qurilma (Check In qurilmasi, Check Out)
2026-01-11 20:22:49 | INFO | [CRON: Fetch Logs] Check In qurilmasi: log yo'q
2026-01-11 20:22:50 | INFO | [CRON: Fetch Logs] Check Out: log yo'q
2026-01-11 20:22:50 | INFO | [CRON: Fetch Logs] Boshlandi: 2 ta qurilma (Check In qurilmasi, Check Out qurilmasi)
2026-01-11 20:22:51 | INFO | [CRON: Fetch Logs] Check In qurilmasi: log yo'q
2026-01-11 20:22:52 | INFO | [CRON: Fetch Logs] Check Out qurilmasi: log yo'q
2026-01-11 20:23:52 | INFO | [CRON: Fetch Logs] Boshlandi: 2 ta qurilma (Check In qurilmasi, Check Out)
2026-01-11 20:23:53 | INFO | [CRON: Fetch Logs] Check In qurilmasi: log yo'q
2026-01-11 20:23:53 | INFO | [CRON: Fetch Logs] Boshlandi: 2 ta qurilma (Check In qurilmasi, Check Out qurilmasi)
2026-01-11 20:23:54 | INFO | [CRON: Fetch Logs] Check Out: log yo'q
2026-01-11 20:23:55 | INFO | [CRON: Fetch Logs] Check In qurilmasi: log yo'q
2026-01-11 20:23:56 | INFO | [CRON: Fetch Logs] Check Out qurilmasi: log yo'q
2026-01-11 20:24:56 | INFO | [CRON: Fetch Logs] Boshlandi: 2 ta qurilma (Check In qurilmasi, Check Out)
2026-01-11 20:24:56 | INFO | [CRON: Fetch Logs] Boshlandi: 2 ta qurilma (Check In qurilmasi, Check Out qurilmasi)
2026-01-11 20:24:57 | INFO | [CRON: Fetch Logs] Check In qurilmasi: log yo'q
2026-01-11 20:24:57 | INFO | [CRON: Fetch Logs] Check In qurilmasi: log yo'q
2026-01-11 20:24:57 | INFO | [CRON: Fetch Logs] Check Out: log yo'q
2026-01-11 20:24:58 | INFO | [CRON: Fetch Logs] Check Out qurilmasi: log yo'q
2026-01-11 20:25:59 | INFO | [CRON: Fetch Logs] Boshlandi: 2 ta qurilma (Check In qurilmasi, Check Out)
2026-01-11 20:26:00 | INFO | [CRON: Fetch Logs] Boshlandi: 2 ta qurilma (Check In qurilmasi, Check Out qurilmasi)
2026-01-11 20:26:00 | INFO | [CRON: Fetch Logs] Check In qurilmasi: log yo'q
2026-01-11 20:26:01 | INFO | [CRON: Fetch Logs] Check In qurilmasi: log yo'q
2026-01-11 20:26:01 | INFO | [CRON: Fetch Logs] Check Out: log yo'q
2026-01-11 20:26:02 | INFO | [CRON: Fetch Logs] Check Out qurilmasi: log yo'q
2026-01-11 20:27:02 | INFO | [CRON: Fetch Logs] Boshlandi: 2 ta qurilma (Check In qurilmasi, Check Out)
2026-01-11 20:27:03 | INFO | [CRON: Fetch Logs] Check In qurilmasi: log yo'q
2026-01-11 20:27:04 | INFO | [CRON: Fetch Logs] Boshlandi: 2 ta qurilma (Check In qurilmasi, Check Out qurilmasi)
2026-01-11 20:27:04 | INFO | [CRON: Fetch Logs] Check Out: log yo'q
2026-01-11 20:27:04 | INFO | [CRON: Fetch Logs] Check In qurilmasi: log yo'q
2026-01-11 20:27:05 | INFO | [CRON: Fetch Logs] Check Out qurilmasi: log yo'q
2026-01-11 20:28:04 | INFO | [CRON: Fetch Logs] Boshlandi: 2 ta qurilma (Check In qurilmasi, Check Out)
2026-01-11 20:28:05 | INFO | [CRON: Fetch Logs] Check In qurilmasi: log yo'q
2026-01-11 20:28:06 | INFO | [CRON: Fetch Logs] Check Out: log yo'q
2026-01-11 20:28:06 | INFO | [CRON: Fetch Logs] Boshlandi: 2 ta qurilma (Check In qurilmasi, Check Out qurilmasi)
2026-01-11 20:28:07 | INFO | [CRON: Fetch Logs] Check In qurilmasi: log yo'q
2026-01-11 20:28:08 | INFO | [CRON: Fetch Logs] Check Out qurilmasi: log yo'q
2026-01-11 20:29:07 | INFO | [CRON: Fetch Logs] Boshlandi: 2 ta qurilma (Check In qurilmasi, Check Out)
2026-01-11 20:29:08 | INFO | [CRON: Fetch Logs] Check In qurilmasi: log yo'q
2026-01-11 20:29:09 | INFO | [CRON: Fetch Logs] Check Out: log yo'q
2026-01-11 20:29:09 | INFO | [CRON: Fetch Logs] Boshlandi: 2 ta qurilma (Check In qurilmasi, Check Out qurilmasi)
2026-01-11 20:29:10 | INFO | [CRON: Fetch Logs] Check In qurilmasi: log yo'q
2026-01-11 20:29:11 | INFO | [CRON: Fetch Logs] Check Out qurilmasi: log yo'q
2026-01-11 20:30:11 | INFO | [CRON: Fetch Logs] Boshlandi: 2 ta qurilma (Check In qurilmasi, Check Out)
2026-01-11 20:30:12 | INFO | [CRON: Fetch Logs] Check In qurilmasi: log yo'q
2026-01-11 20:30:12 | INFO | [CRON: Fetch Logs] Boshlandi: 2 ta qurilma (Check In qurilmasi, Check Out qurilmasi)
2026-01-11 20:30:13 | INFO | [CRON: Fetch Logs] Check Out: log yo'q
2026-01-11 20:30:13 | INFO | [CRON: Fetch Logs] Check In qurilmasi: log yo'q
2026-01-11 20:30:14 | INFO | [CRON: Fetch Logs] Check Out qurilmasi: log yo'q
2026-01-11 20:31:15 | INFO | [CRON: Fetch Logs] Boshlandi: 2 ta qurilma (Check In qurilmasi, Check Out)
2026-01-11 20:31:16 | INFO | [CRON: Fetch Logs] Check In qurilmasi: log yo'q
2026-01-11 20:31:17 | INFO | [CRON: Fetch Logs] Check Out: log yo'q
2026-01-11 20:31:17 | INFO | [CRON: Fetch Logs] Boshlandi: 2 ta qurilma (Check In qurilmasi, Check Out qurilmasi)
2026-01-11 20:31:18 | INFO | [CRON: Fetch Logs] Check In qurilmasi: log yo'q
2026-01-11 20:31:19 | INFO | [CRON: Fetch Logs] Check Out qurilmasi: log yo'q
2026-01-11 20:32:20 | INFO | [CRON: Fetch Logs] Boshlandi: 2 ta qurilma (Check In qurilmasi, Check Out)
2026-01-11 20:32:21 | INFO | [CRON: Fetch Logs] Check In qurilmasi: log yo'q
2026-01-11 20:32:21 | INFO | [CRON: Fetch Logs] Boshlandi: 2 ta qurilma (Check In qurilmasi, Check Out qurilmasi)
2026-01-11 20:32:22 | INFO | [CRON: Fetch Logs] Check Out: log yo'q
2026-01-11 20:32:23 | INFO | [CRON: Fetch Logs] Check In qurilmasi: log yo'q
2026-01-11 20:32:23 | INFO | [CRON: Fetch Logs] Check Out qurilmasi: log yo'q
2026-01-11 20:33:23 | INFO | [CRON: Fetch Logs] Boshlandi: 2 ta qurilma (Check In qurilmasi, Check Out)
2026-01-11 20:33:23 | INFO | [CRON: Fetch Logs] Check In qurilmasi: log yo'q
2026-01-11 20:33:24 | INFO | [CRON: Fetch Logs] Check Out: log yo'q
2026-01-11 20:33:24 | INFO | [CRON: Fetch Logs] Boshlandi: 2 ta qurilma (Check In qurilmasi, Check Out qurilmasi)
2026-01-11 20:33:25 | INFO | [CRON: Fetch Logs] Check In qurilmasi: log yo'q
2026-01-11 20:33:26 | INFO | [CRON: Fetch Logs] Check Out qurilmasi: log yo'q
2026-01-11 20:34:27 | INFO | [CRON: Fetch Logs] Boshlandi: 2 ta qurilma (Check In qurilmasi, Check Out)
2026-01-11 20:34:28 | INFO | [CRON: Fetch Logs] Check In qurilmasi: log yo'q
2026-01-11 20:34:29 | INFO | [CRON: Fetch Logs] Boshlandi: 2 ta qurilma (Check In qurilmasi, Check Out qurilmasi)
2026-01-11 20:34:30 | INFO | [CRON: Fetch Logs] Check Out: log yo'q
2026-01-11 20:34:30 | INFO | [CRON: Fetch Logs] Check In qurilmasi: log yo'q
2026-01-11 20:34:32 | INFO | [CRON: Fetch Logs] Check Out qurilmasi: log yo'q
2026-01-11 20:35:33 | INFO | [CRON: Fetch Logs] Boshlandi: 2 ta qurilma (Check In qurilmasi, Check Out)
2026-01-11 20:35:34 | INFO | [CRON: Fetch Logs] Check In qurilmasi: log yo'q
2026-01-11 20:35:37 | INFO | [CRON: Fetch Logs] Check Out: log yo'q
2026-01-11 20:35:38 | INFO | [CRON: Fetch Logs] Boshlandi: 2 ta qurilma (Check In qurilmasi, Check Out qurilmasi)
2026-01-11 20:35:40 | INFO | [CRON: Fetch Logs] Check In qurilmasi: log yo'q
2026-01-11 20:35:52 | ERROR | [CRON: Fetch Logs] Check Out qurilmasi xatosi: Connection failed: HTTPConnectionPool(host='hik.codewar.uz', port=80): Read timed out. (read timeout=10)
2026-01-11 20:36:49 | INFO | [CRON: Fetch Logs] Boshlandi: 2 ta qurilma (Check In qurilmasi, Check Out)
2026-01-11 20:36:50 | INFO | [CRON: Fetch Logs] Check In qurilmasi: log yo'q
2026-01-11 20:36:51 | INFO | [CRON: Fetch Logs] Check Out: log yo'q
2026-01-11 20:36:52 | INFO | [CRON: Fetch Logs] Boshlandi: 2 ta qurilma (Check In qurilmasi, Check Out qurilmasi)
2026-01-11 20:36:53 | INFO | [CRON: Fetch Logs] Boshlandi: 2 ta qurilma (Check In qurilmasi, Check Out)
2026-01-11 20:36:53 | INFO | [CRON: Fetch Logs] Check In qurilmasi: log yo'q
2026-01-11 20:36:54 | INFO | [CRON: Fetch Logs] Check In qurilmasi: log yo'q
2026-01-11 20:36:54 | INFO | [CRON: Fetch Logs] Check Out qurilmasi: log yo'q
2026-01-11 20:36:55 | INFO | [CRON: Fetch Logs] Check Out: log yo'q
2026-01-11 20:37:55 | INFO | [CRON: Fetch Logs] Boshlandi: 2 ta qurilma (Check In qurilmasi, Check Out)
2026-01-11 20:38:06 | ERROR | [CRON: Fetch Logs] Check In qurilmasi xatosi: Connection failed: HTTPConnectionPool(host='hik2.codewar.uz', port=80): Read timed out. (read timeout=10)
2026-01-11 20:38:06 | INFO | [CRON: Fetch Logs] Boshlandi: 2 ta qurilma (Check In qurilmasi, Check Out qurilmasi)
2026-01-11 20:38:08 | INFO | [CRON: Fetch Logs] Check In qurilmasi: log yo'q
2026-01-11 20:38:08 | INFO | [CRON: Fetch Logs] Check Out: log yo'q
2026-01-11 20:38:11 | INFO | [CRON: Fetch Logs] Check Out qurilmasi: log yo'q
2026-01-11 20:40:33 | INFO | [CRON: Fetch Logs] Boshlandi: 2 ta qurilma (Check In qurilmasi, Check Out)
2026-01-11 20:40:34 | INFO | [CRON: Fetch Logs] Boshlandi: 2 ta qurilma (Check In qurilmasi, Check Out qurilmasi)
2026-01-11 20:40:34 | INFO | [CRON: Fetch Logs] Check In qurilmasi: log yo'q
2026-01-11 20:40:35 | INFO | [CRON: Fetch Logs] Check In qurilmasi: log yo'q
2026-01-11 20:40:35 | INFO | [CRON: Fetch Logs] Check Out: log yo'q
2026-01-11 20:40:36 | INFO | [CRON: Fetch Logs] Check Out qurilmasi: log yo'q
2026-01-11 20:41:37 | INFO | [CRON: Fetch Logs] Boshlandi: 2 ta qurilma (Check In qurilmasi, Check Out)
2026-01-11 20:41:42 | INFO | [CRON: Fetch Logs] Check In qurilmasi: log yo'q
2026-01-11 20:41:44 | INFO | [CRON: Fetch Logs] Check Out: log yo'q
2026-01-11 20:42:44 | INFO | [CRON: Fetch Logs] Boshlandi: 2 ta qurilma (Check In qurilmasi, Check Out)
2026-01-11 20:42:45 | INFO | [CRON: Fetch Logs] Check In qurilmasi: log yo'q
2026-01-11 20:42:47 | INFO | [CRON: Fetch Logs] Boshlandi: 2 ta qurilma (Check In qurilmasi, Check Out qurilmasi)
2026-01-11 20:42:51 | INFO | [CRON: Fetch Logs] Check In qurilmasi: log yo'q
2026-01-11 20:42:53 | INFO | [CRON: Fetch Logs] Check Out qurilmasi: log yo'q
2026-01-11 20:42:53 | INFO | [CRON: Fetch Logs] Check Out: log yo'q
2026-01-11 20:43:54 | INFO | [CRON: Fetch Logs] Boshlandi: 2 ta qurilma (Check In qurilmasi, Check Out)
2026-01-11 20:43:55 | INFO | [CRON: Fetch Logs] Check In qurilmasi: log yo'q
2026-01-11 20:43:56 | INFO | [CRON: Fetch Logs] Check Out: log yo'q
2026-01-11 20:43:56 | INFO | [CRON: Fetch Logs] Boshlandi: 2 ta qurilma (Check In qurilmasi, Check Out qurilmasi)
2026-01-11 20:43:57 | INFO | [CRON: Fetch Logs] Check In qurilmasi: log yo'q
2026-01-11 20:43:58 | INFO | [CRON: Fetch Logs] Check Out qurilmasi: log yo'q
2026-01-11 20:44:59 | INFO | [CRON: Fetch Logs] Boshlandi: 2 ta qurilma (Check In qurilmasi, Check Out)
2026-01-11 20:45:00 | INFO | [CRON: Fetch Logs] Boshlandi: 2 ta qurilma (Check In qurilmasi, Check Out qurilmasi)
2026-01-11 20:45:01 | INFO | [CRON: Fetch Logs] Check In qurilmasi: log yo'q
2026-01-11 20:45:02 | INFO | [CRON: Fetch Logs] Check Out: log yo'q
2026-01-11 20:45:02 | INFO | [CRON: Fetch Logs] Check In qurilmasi: log yo'q
2026-01-11 20:45:04 | INFO | [CRON: Fetch Logs] Check Out qurilmasi: log yo'q
2026-01-11 20:46:03 | INFO | [CRON: Fetch Logs] Boshlandi: 2 ta qurilma (Check In qurilmasi, Check Out)
2026-01-11 20:46:04 | INFO | [CRON: Fetch Logs] Check In qurilmasi: log yo'q
2026-01-11 20:46:06 | INFO | [CRON: Fetch Logs] Check Out: log yo'q
2026-01-11 20:46:06 | INFO | [CRON: Fetch Logs] Boshlandi: 2 ta qurilma (Check In qurilmasi, Check Out qurilmasi)
2026-01-11 20:46:07 | INFO | [CRON: Fetch Logs] Check In qurilmasi: log yo'q
2026-01-11 20:46:08 | INFO | [CRON: Fetch Logs] Check Out qurilmasi: log yo'q
2026-01-11 20:47:23 | INFO | [CRON: Fetch Logs] Boshlandi: 2 ta qurilma (Check In qurilmasi, Check Out)
2026-01-11 20:47:25 | INFO | [CRON: Fetch Logs] Check In qurilmasi: log yo'q
2026-01-11 20:47:26 | INFO | [CRON: Fetch Logs] Check Out: log yo'q
2026-01-11 20:47:27 | INFO | [CRON: Fetch Logs] Boshlandi: 2 ta qurilma (Check In qurilmasi, Check Out qurilmasi)
2026-01-11 20:47:29 | INFO | [CRON: Fetch Logs] Check In qurilmasi: log yo'q
2026-01-11 20:47:33 | INFO | [CRON: Fetch Logs] Check Out qurilmasi: log yo'q
2026-01-11 20:48:29 | INFO | [CRON: Fetch Logs] Boshlandi: 2 ta qurilma (Check In qurilmasi, Check Out)
2026-01-11 20:48:31 | INFO | [CRON: Fetch Logs] Check In qurilmasi: log yo'q
2026-01-11 20:48:32 | INFO | [CRON: Fetch Logs] Check Out: log yo'q
2026-01-11 20:48:33 | INFO | [CRON: Fetch Logs] Boshlandi: 2 ta qurilma (Check In qurilmasi, Check Out qurilmasi)
2026-01-11 20:48:36 | INFO | [CRON: Fetch Logs] Check In qurilmasi: log yo'q
2026-01-11 20:48:37 | INFO | [CRON: Fetch Logs] Check Out qurilmasi: log yo'q
2026-01-11 20:49:37 | INFO | [CRON: Fetch Logs] Boshlandi: 2 ta qurilma (Check In qurilmasi, Check Out)
2026-01-11 20:49:38 | INFO | [CRON: Fetch Logs] Check In qurilmasi: log yo'q
2026-01-11 20:49:39 | INFO | [CRON: Fetch Logs] Boshlandi: 2 ta qurilma (Check In qurilmasi, Check Out qurilmasi)
2026-01-11 20:49:40 | INFO | [CRON: Fetch Logs] Check Out: log yo'q
2026-01-11 20:49:41 | INFO | [CRON: Fetch Logs] Check In qurilmasi: log yo'q
2026-01-11 20:49:44 | INFO | [CRON: Fetch Logs] Check Out qurilmasi: log yo'q
2026-01-11 20:50:42 | INFO | [CRON: Fetch Logs] Boshlandi: 2 ta qurilma (Check In qurilmasi, Check Out)
2026-01-11 20:50:43 | INFO | [CRON: Fetch Logs] Check In qurilmasi: log yo'q
2026-01-11 20:50:44 | INFO | [CRON: Fetch Logs] Check Out: log yo'q
2026-01-11 20:50:44 | INFO | [CRON: Fetch Logs] Boshlandi: 2 ta qurilma (Check In qurilmasi, Check Out qurilmasi)
2026-01-11 20:50:46 | INFO | [CRON: Fetch Logs] Check In qurilmasi: log yo'q
2026-01-11 20:50:47 | INFO | [CRON: Fetch Logs] Check Out qurilmasi: log yo'q
2026-01-11 20:51:46 | INFO | [CRON: Fetch Logs] Boshlandi: 2 ta qurilma (Check In qurilmasi, Check Out)
2026-01-11 20:51:48 | INFO | [CRON: Fetch Logs] Check In qurilmasi: log yo'q
2026-01-11 20:51:49 | INFO | [CRON: Fetch Logs] Boshlandi: 2 ta qurilma (Check In qurilmasi, Check Out qurilmasi)
2026-01-11 20:51:50 | INFO | [CRON: Fetch Logs] Check Out: log yo'q
2026-01-11 20:51:51 | INFO | [CRON: Fetch Logs] Check In qurilmasi: log yo'q
2026-01-11 20:51:52 | INFO | [CRON: Fetch Logs] Check Out qurilmasi: log yo'q
2026-01-11 20:52:53 | INFO | [CRON: Fetch Logs] Boshlandi: 2 ta qurilma (Check In qurilmasi, Check Out)
2026-01-11 20:52:54 | INFO | [CRON: Fetch Logs] Check In qurilmasi: log yo'q
2026-01-11 20:52:54 | INFO | [CRON: Fetch Logs] Boshlandi: 2 ta qurilma (Check In qurilmasi, Check Out qurilmasi)
2026-01-11 20:52:55 | INFO | [CRON: Fetch Logs] Check Out: log yo'q
2026-01-11 20:52:56 | INFO | [CRON: Fetch Logs] Check In qurilmasi: log yo'q
2026-01-11 20:52:57 | INFO | [CRON: Fetch Logs] Check Out qurilmasi: log yo'q
2026-01-11 20:53:58 | INFO | [CRON: Fetch Logs] Boshlandi: 2 ta qurilma (Check In qurilmasi, Check Out)
2026-01-11 20:53:59 | INFO | [CRON: Fetch Logs] Check In qurilmasi: log yo'q
2026-01-11 20:54:00 | INFO | [CRON: Fetch Logs] Boshlandi: 2 ta qurilma (Check In qurilmasi, Check Out qurilmasi)
2026-01-11 20:54:02 | INFO | [CRON: Fetch Logs] Check In qurilmasi: log yo'q
2026-01-11 20:54:02 | INFO | [CRON: Fetch Logs] Check Out: log yo'q
2026-01-11 20:54:03 | INFO | [CRON: Fetch Logs] Check Out qurilmasi: log yo'q
2026-01-11 20:55:08 | INFO | [CRON: Fetch Logs] Boshlandi: 2 ta qurilma (Check In qurilmasi, Check Out)
2026-01-11 20:55:10 | INFO | [CRON: Fetch Logs] Check In qurilmasi: log yo'q
2026-01-11 20:55:11 | INFO | [CRON: Fetch Logs] Boshlandi: 2 ta qurilma (Check In qurilmasi, Check Out qurilmasi)
2026-01-11 20:55:16 | INFO | [CRON: Fetch Logs] Check In qurilmasi: log yo'q
2026-01-11 20:55:16 | INFO | [CRON: Fetch Logs] Check Out: log yo'q
2026-01-11 20:55:19 | INFO | [CRON: Fetch Logs] Check Out qurilmasi: log yo'q
2026-01-11 20:56:21 | INFO | [CRON: Fetch Logs] Boshlandi: 2 ta qurilma (Check In qurilmasi, Check Out)
2026-01-11 20:56:23 | INFO | [CRON: Fetch Logs] Check In qurilmasi: log yo'q
2026-01-11 20:56:25 | INFO | [CRON: Fetch Logs] Check Out: log yo'q
2026-01-11 20:57:24 | INFO | [CRON: Fetch Logs] Boshlandi: 2 ta qurilma (Check In qurilmasi, Check Out)
2026-01-11 20:57:26 | INFO | [CRON: Fetch Logs] Check In qurilmasi: log yo'q
2026-01-11 20:57:28 | INFO | [CRON: Fetch Logs] Check Out: log yo'q
2026-01-11 20:57:29 | INFO | [CRON: Fetch Logs] Boshlandi: 2 ta qurilma (Check In qurilmasi, Check Out qurilmasi)
2026-01-11 20:57:31 | INFO | [CRON: Fetch Logs] Check In qurilmasi: log yo'q
2026-01-11 20:57:32 | INFO | [CRON: Fetch Logs] Check Out qurilmasi: log yo'q
2026-01-11 20:58:32 | INFO | [CRON: Fetch Logs] Boshlandi: 2 ta qurilma (Check In qurilmasi, Check Out)
2026-01-11 20:58:33 | INFO | [CRON: Fetch Logs] Check In qurilmasi: log yo'q
2026-01-11 20:58:35 | INFO | [CRON: Fetch Logs] Check Out: log yo'q
2026-01-11 20:58:36 | INFO | [CRON: Fetch Logs] Boshlandi: 2 ta qurilma (Check In qurilmasi, Check Out qurilmasi)
2026-01-11 20:58:37 | INFO | [CRON: Fetch Logs] Check In qurilmasi: log yo'q
2026-01-11 20:58:38 | INFO | [CRON: Fetch Logs] Check Out qurilmasi: log yo'q
2026-01-11 20:59:40 | INFO | [CRON: Fetch Logs] Boshlandi: 2 ta qurilma (Check In qurilmasi, Check Out)
2026-01-11 20:59:42 | INFO | [CRON: Fetch Logs] Check In qurilmasi: log yo'q
2026-01-11 20:59:43 | INFO | [CRON: Fetch Logs] Boshlandi: 2 ta qurilma (Check In qurilmasi, Check Out qurilmasi)
2026-01-11 20:59:43 | INFO | [CRON: Fetch Logs] Check Out: log yo'q
2026-01-11 20:59:44 | INFO | [CRON: Fetch Logs] Check In qurilmasi: log yo'q
2026-01-11 20:59:48 | INFO | [CRON: Fetch Logs] Check Out qurilmasi: log yo'q
2026-01-11 21:00:46 | INFO | [CRON: Fetch Logs] Boshlandi: 2 ta qurilma (Check In qurilmasi, Check Out)
2026-01-11 21:00:47 | INFO | [CRON: Fetch Logs] Check In qurilmasi: log yo'q
2026-01-11 21:00:50 | INFO | [CRON: Fetch Logs] Check Out: log yo'q
2026-01-11 21:00:50 | INFO | [CRON: Fetch Logs] Boshlandi: 2 ta qurilma (Check In qurilmasi, Check Out qurilmasi)
2026-01-11 21:00:53 | INFO | [CRON: Fetch Logs] Check In qurilmasi: log yo'q
2026-01-11 21:00:55 | INFO | [CRON: Fetch Logs] Check Out qurilmasi: log yo'q
2026-01-11 21:01:54 | INFO | [CRON: Fetch Logs] Boshlandi: 2 ta qurilma (Check In qurilmasi, Check Out)
2026-01-11 21:01:57 | INFO | [CRON: Fetch Logs] Boshlandi: 2 ta qurilma (Check In qurilmasi, Check Out qurilmasi)
2026-01-11 21:01:58 | INFO | [CRON: Fetch Logs] Check In qurilmasi: log yo'q
2026-01-11 21:01:59 | INFO | [CRON: Fetch Logs] Check In qurilmasi: log yo'q
2026-01-11 21:01:59 | INFO | [CRON: Fetch Logs] Check Out: log yo'q
2026-01-11 21:02:00 | INFO | [CRON: Fetch Logs] Check Out qurilmasi: log yo'q
2026-01-11 21:03:00 | INFO | [CRON: Fetch Logs] Boshlandi: 2 ta qurilma (Check In qurilmasi, Check Out)
2026-01-11 21:03:02 | INFO | [CRON: Fetch Logs] Check In qurilmasi: log yo'q
2026-01-11 21:03:04 | INFO | [CRON: Fetch Logs] Boshlandi: 2 ta qurilma (Check In qurilmasi, Check Out qurilmasi)
2026-01-11 21:03:04 | INFO | [CRON: Fetch Logs] Check Out: log yo'q
2026-01-11 21:03:05 | INFO | [CRON: Fetch Logs] Check In qurilmasi: log yo'q
2026-01-11 21:03:06 | INFO | [CRON: Fetch Logs] Check Out qurilmasi: log yo'q
2026-01-11 21:04:05 | INFO | [CRON: Fetch Logs] Boshlandi: 2 ta qurilma (Check In qurilmasi, Check Out)
2026-01-11 21:04:06 | INFO | [CRON: Fetch Logs] Check In qurilmasi: log yo'q
2026-01-11 21:04:07 | INFO | [CRON: Fetch Logs] Check Out: log yo'q
2026-01-11 21:04:07 | INFO | [CRON: Fetch Logs] Boshlandi: 2 ta qurilma (Check In qurilmasi, Check Out qurilmasi)
2026-01-11 21:04:08 | INFO | [CRON: Fetch Logs] Check In qurilmasi: log yo'q
2026-01-11 21:04:09 | INFO | [CRON: Fetch Logs] Check Out qurilmasi: log yo'q
2026-01-11 21:05:18 | INFO | [CRON: Fetch Logs] Boshlandi: 2 ta qurilma (Check In qurilmasi, Check Out)
2026-01-11 21:05:25 | INFO | [CRON: Fetch Logs] Boshlandi: 2 ta qurilma (Check In qurilmasi, Check Out qurilmasi)
2026-01-11 21:05:25 | INFO | [CRON: Fetch Logs] Check In qurilmasi: log yo'q
2026-01-11 21:05:26 | INFO | [CRON: Fetch Logs] Check Out: log yo'q
2026-01-11 21:05:27 | INFO | [CRON: Fetch Logs] Check In qurilmasi: log yo'q
2026-01-11 21:05:29 | INFO | [CRON: Fetch Logs] Check Out qurilmasi: log yo'q
2026-01-11 21:06:30 | INFO | [CRON: Fetch Logs] Boshlandi: 2 ta qurilma (Check In qurilmasi, Check Out)
2026-01-11 21:06:33 | INFO | [CRON: Fetch Logs] Boshlandi: 2 ta qurilma (Check In qurilmasi, Check Out qurilmasi)
2026-01-11 21:06:33 | INFO | [CRON: Fetch Logs] Check In qurilmasi: log yo'q
2026-01-11 21:06:34 | INFO | [CRON: Fetch Logs] Check Out: log yo'q
2026-01-11 21:06:35 | INFO | [CRON: Fetch Logs] Check In qurilmasi: log yo'q
2026-01-11 21:06:37 | INFO | [CRON: Fetch Logs] Check Out qurilmasi: log yo'q
2026-01-11 21:07:40 | INFO | [CRON: Fetch Logs] Boshlandi: 2 ta qurilma (Check In qurilmasi, Check Out)
2026-01-11 21:07:44 | INFO | [CRON: Fetch Logs] Check In qurilmasi: log yo'q
2026-01-11 21:07:44 | INFO | [CRON: Fetch Logs] Boshlandi: 2 ta qurilma (Check In qurilmasi, Check Out qurilmasi)
2026-01-11 21:07:45 | INFO | [CRON: Fetch Logs] Check In qurilmasi: log yo'q
2026-01-11 21:07:47 | INFO | [CRON: Fetch Logs] Check Out qurilmasi: log yo'q
2026-01-11 21:07:50 | INFO | [CRON: Fetch Logs] Check Out: log yo'q
2026-01-11 21:09:52 | INFO | [CRON: Fetch Logs] Boshlandi: 2 ta qurilma (Check In qurilmasi, Check Out)
2026-01-11 21:09:53 | INFO | [CRON: Fetch Logs] Boshlandi: 2 ta qurilma (Check In qurilmasi, Check Out qurilmasi)
2026-01-11 21:09:55 | INFO | [CRON: Fetch Logs] Check In qurilmasi: log yo'q
2026-01-11 21:09:56 | INFO | [CRON: Fetch Logs] Check In qurilmasi: log yo'q
2026-01-11 21:09:57 | INFO | [CRON: Fetch Logs] Check Out qurilmasi: log yo'q
2026-01-11 21:09:57 | INFO | [CRON: Fetch Logs] Check Out: log yo'q
2026-01-11 21:10:58 | INFO | [CRON: Fetch Logs] Boshlandi: 2 ta qurilma (Check In qurilmasi, Check Out)
2026-01-11 21:11:00 | INFO | [CRON: Fetch Logs] Check In qurilmasi: log yo'q
2026-01-11 21:11:01 | INFO | [CRON: Fetch Logs] Boshlandi: 2 ta qurilma (Check In qurilmasi, Check Out qurilmasi)
2026-01-11 21:11:01 | INFO | [CRON: Fetch Logs] Check Out: log yo'q
2026-01-11 21:11:02 | INFO | [CRON: Fetch Logs] Check In qurilmasi: log yo'q
2026-01-11 21:11:03 | INFO | [CRON: Fetch Logs] Check Out qurilmasi: log yo'q
2026-01-11 21:12:03 | INFO | [CRON: Fetch Logs] Boshlandi: 2 ta qurilma (Check In qurilmasi, Check Out)
2026-01-11 21:12:04 | INFO | [CRON: Fetch Logs] Check In qurilmasi: log yo'q
2026-01-11 21:12:05 | INFO | [CRON: Fetch Logs] Check Out: log yo'q
2026-01-11 21:12:06 | INFO | [CRON: Fetch Logs] Boshlandi: 2 ta qurilma (Check In qurilmasi, Check Out qurilmasi)
2026-01-11 21:12:07 | INFO | [CRON: Fetch Logs] Check In qurilmasi: log yo'q
2026-01-11 21:12:08 | INFO | [CRON: Fetch Logs] Check Out qurilmasi: log yo'q
2026-01-11 21:13:09 | INFO | [CRON: Fetch Logs] Boshlandi: 2 ta qurilma (Check In qurilmasi, Check Out)
2026-01-11 21:13:10 | INFO | [CRON: Fetch Logs] Check In qurilmasi: log yo'q
2026-01-11 21:13:11 | INFO | [CRON: Fetch Logs] Boshlandi: 2 ta qurilma (Check In qurilmasi, Check Out qurilmasi)
2026-01-11 21:13:12 | INFO | [CRON: Fetch Logs] Check Out: log yo'q
2026-01-11 21:13:12 | INFO | [CRON: Fetch Logs] Check In qurilmasi: log yo'q
2026-01-11 21:13:14 | INFO | [CRON: Fetch Logs] Check Out qurilmasi: log yo'q
2026-01-11 21:14:14 | INFO | [CRON: Fetch Logs] Boshlandi: 2 ta qurilma (Check In qurilmasi, Check Out)
2026-01-11 21:14:17 | INFO | [CRON: Fetch Logs] Boshlandi: 2 ta qurilma (Check In qurilmasi, Check Out qurilmasi)
2026-01-11 21:14:23 | INFO | [CRON: Fetch Logs] Check In qurilmasi: log yo'q
2026-01-11 21:14:25 | INFO | [CRON: Fetch Logs] Check Out: log yo'q
2026-01-11 21:14:26 | INFO | [CRON: Fetch Logs] Check In qurilmasi: log yo'q
2026-01-11 21:14:28 | INFO | [CRON: Fetch Logs] Check Out qurilmasi: log yo'q
2026-01-11 21:15:27 | INFO | [CRON: Fetch Logs] Boshlandi: 2 ta qurilma (Check In qurilmasi, Check Out)
2026-01-11 21:15:30 | INFO | [CRON: Fetch Logs] Check In qurilmasi: log yo'q
2026-01-11 21:15:30 | INFO | [CRON: Fetch Logs] Boshlandi: 2 ta qurilma (Check In qurilmasi, Check Out qurilmasi)
2026-01-11 21:15:31 | INFO | [CRON: Fetch Logs] Check In qurilmasi: log yo'q
2026-01-11 21:15:34 | INFO | [CRON: Fetch Logs] Check Out: log yo'q
2026-01-11 21:15:35 | INFO | [CRON: Fetch Logs] Check Out qurilmasi: log yo'q
2026-01-11 21:16:35 | INFO | [CRON: Fetch Logs] Boshlandi: 2 ta qurilma (Check In qurilmasi, Check Out)
2026-01-11 21:16:39 | ERROR | [CRON: Fetch Logs] Check In qurilmasi xatosi: Connection failed: HTTPConnectionPool(host='hik2.codewar.uz', port=80): Max retries exceeded with url: /ISAPI/AccessControl/AcsEvent?format=json (Caused by NameResolutionError("<urllib3.connection.HTTPConnection object at 0x7d3ea4b4a450>: Failed to resolve 'hik2.codewar.uz' ([Errno -5] No address associated with hostname)"))
2026-01-11 21:16:50 | INFO | [CRON: Fetch Logs] Boshlandi: 2 ta qurilma (Check In qurilmasi, Check Out qurilmasi)
2026-01-11 21:16:51 | ERROR | [CRON: Fetch Logs] Check Out xatosi: Connection failed: HTTPConnectionPool(host='hik.codewar.uz', port=80): Read timed out. (read timeout=10)
2026-01-11 21:16:54 | INFO | [CRON: Fetch Logs] Check In qurilmasi: log yo'q
2026-01-11 21:16:56 | INFO | [CRON: Fetch Logs] Check Out qurilmasi: log yo'q
2026-01-11 21:17:55 | INFO | [CRON: Fetch Logs] Boshlandi: 2 ta qurilma (Check In qurilmasi, Check Out)
2026-01-11 21:17:56 | INFO | [CRON: Fetch Logs] Check In qurilmasi: log yo'q
2026-01-11 21:17:58 | INFO | [CRON: Fetch Logs] Check Out: log yo'q
2026-01-11 21:17:58 | INFO | [CRON: Fetch Logs] Boshlandi: 2 ta qurilma (Check In qurilmasi, Check Out qurilmasi)
2026-01-11 21:18:00 | INFO | [CRON: Fetch Logs] Check In qurilmasi: log yo'q
2026-01-11 21:18:02 | INFO | [CRON: Fetch Logs] Check Out qurilmasi: log yo'q
2026-01-11 21:19:00 | INFO | [CRON: Fetch Logs] Boshlandi: 2 ta qurilma (Check In qurilmasi, Check Out)
2026-01-11 21:19:16 | INFO | [CRON: Fetch Logs] Boshlandi: 2 ta qurilma (Check In qurilmasi, Check Out qurilmasi)
2026-01-11 21:19:17 | ERROR | [CRON: Fetch Logs] Check In qurilmasi xatosi: Connection failed: HTTPConnectionPool(host='hik2.codewar.uz', port=80): Read timed out. (read timeout=10)
2026-01-11 21:19:19 | INFO | [CRON: Fetch Logs] Check In qurilmasi: log yo'q
2026-01-11 21:19:19 | INFO | [CRON: Fetch Logs] Check Out: log yo'q
2026-01-11 21:19:20 | INFO | [CRON: Fetch Logs] Check Out qurilmasi: log yo'q
2026-01-11 21:20:21 | INFO | [CRON: Fetch Logs] Boshlandi: 2 ta qurilma (Check In qurilmasi, Check Out)
2026-01-11 21:20:22 | INFO | [CRON: Fetch Logs] Boshlandi: 2 ta qurilma (Check In qurilmasi, Check Out qurilmasi)
2026-01-11 21:20:23 | INFO | [CRON: Fetch Logs] Check In qurilmasi: log yo'q
2026-01-11 21:20:23 | INFO | [CRON: Fetch Logs] Check In qurilmasi: log yo'q
2026-01-11 21:20:24 | INFO | [CRON: Fetch Logs] Check Out qurilmasi: log yo'q
2026-01-11 21:20:25 | INFO | [CRON: Fetch Logs] Check Out: log yo'q
2026-01-11 21:21:26 | INFO | [CRON: Fetch Logs] Boshlandi: 2 ta qurilma (Check In qurilmasi, Check Out)
2026-01-11 21:21:27 | INFO | [CRON: Fetch Logs] Check In qurilmasi: log yo'q
2026-01-11 21:21:27 | INFO | [CRON: Fetch Logs] Boshlandi: 2 ta qurilma (Check In qurilmasi, Check Out qurilmasi)
2026-01-11 21:21:28 | INFO | [CRON: Fetch Logs] Check Out: log yo'q
2026-01-11 21:21:29 | INFO | [CRON: Fetch Logs] Check In qurilmasi: log yo'q
2026-01-11 21:21:31 | INFO | [CRON: Fetch Logs] Check Out qurilmasi: log yo'q
2026-01-11 21:22:29 | INFO | [CRON: Fetch Logs] Boshlandi: 2 ta qurilma (Check In qurilmasi, Check Out)
2026-01-11 21:22:31 | INFO | [CRON: Fetch Logs] Check In qurilmasi: log yo'q
2026-01-11 21:22:32 | INFO | [CRON: Fetch Logs] Check Out: log yo'q
2026-01-11 21:22:34 | INFO | [CRON: Fetch Logs] Boshlandi: 2 ta qurilma (Check In qurilmasi, Check Out qurilmasi)
2026-01-11 21:22:36 | INFO | [CRON: Fetch Logs] Check In qurilmasi: log yo'q
2026-01-11 21:22:38 | INFO | [CRON: Fetch Logs] Check Out qurilmasi: log yo'q
2026-01-11 21:23:37 | INFO | [CRON: Fetch Logs] Boshlandi: 2 ta qurilma (Check In qurilmasi, Check Out)
2026-01-11 21:23:38 | INFO | [CRON: Fetch Logs] Check In qurilmasi: log yo'q
2026-01-11 21:23:40 | INFO | [CRON: Fetch Logs] Check Out: log yo'q
2026-01-11 21:23:40 | INFO | [CRON: Fetch Logs] Boshlandi: 2 ta qurilma (Check In qurilmasi, Check Out qurilmasi)
2026-01-11 21:23:42 | INFO | [CRON: Fetch Logs] Check In qurilmasi: log yo'q
2026-01-11 21:23:43 | INFO | [CRON: Fetch Logs] Check Out qurilmasi: log yo'q
2026-01-11 21:24:41 | INFO | [CRON: Fetch Logs] Boshlandi: 2 ta qurilma (Check In qurilmasi, Check Out)
2026-01-11 21:24:42 | INFO | [CRON: Fetch Logs] Check In qurilmasi: log yo'q
2026-01-11 21:24:44 | INFO | [CRON: Fetch Logs] Check Out: log yo'q
2026-01-11 21:24:44 | INFO | [CRON: Fetch Logs] Boshlandi: 2 ta qurilma (Check In qurilmasi, Check Out qurilmasi)
2026-01-11 21:24:46 | INFO | [CRON: Fetch Logs] Check In qurilmasi: log yo'q
2026-01-11 21:24:47 | INFO | [CRON: Fetch Logs] Check Out qurilmasi: log yo'q
2026-01-11 21:25:47 | INFO | [CRON: Fetch Logs] Boshlandi: 2 ta qurilma (Check In qurilmasi, Check Out)
2026-01-11 21:25:48 | INFO | [CRON: Fetch Logs] Check In qurilmasi: log yo'q
2026-01-11 21:25:49 | INFO | [CRON: Fetch Logs] Boshlandi: 2 ta qurilma (Check In qurilmasi, Check Out qurilmasi)
2026-01-11 21:25:50 | INFO | [CRON: Fetch Logs] Check Out: log yo'q
2026-01-11 21:25:50 | INFO | [CRON: Fetch Logs] Check In qurilmasi: log yo'q
2026-01-11 21:25:51 | INFO | [CRON: Fetch Logs] Check Out qurilmasi: log yo'q
2026-01-11 21:27:29 | INFO | [CRON: Fetch Logs] Boshlandi: 2 ta qurilma (Check In qurilmasi, Check Out)
2026-01-11 21:27:31 | INFO | [CRON: Fetch Logs] Boshlandi: 2 ta qurilma (Check In qurilmasi, Check Out qurilmasi)
2026-01-11 21:27:33 | INFO | [CRON: Fetch Logs] Check In qurilmasi: log yo'q
2026-01-11 21:27:34 | INFO | [CRON: Fetch Logs] Check Out: log yo'q
2026-01-11 21:27:39 | INFO | [CRON: Fetch Logs] Check In qurilmasi: log yo'q
2026-01-11 21:27:46 | INFO | [CRON: Fetch Logs] Check Out qurilmasi: log yo'q
2026-01-11 21:28:45 | INFO | [CRON: Fetch Logs] Boshlandi: 2 ta qurilma (Check In qurilmasi, Check Out)
2026-01-11 21:28:47 | INFO | [CRON: Fetch Logs] Check In qurilmasi: log yo'q
2026-01-11 21:28:48 | INFO | [CRON: Fetch Logs] Check Out: log yo'q
2026-01-11 21:28:48 | INFO | [CRON: Fetch Logs] Boshlandi: 2 ta qurilma (Check In qurilmasi, Check Out qurilmasi)
2026-01-11 21:28:49 | INFO | [CRON: Fetch Logs] Check In qurilmasi: log yo'q
2026-01-11 21:28:51 | INFO | [CRON: Fetch Logs] Check Out qurilmasi: log yo'q
2026-01-11 21:29:51 | INFO | [CRON: Fetch Logs] Boshlandi: 2 ta qurilma (Check In qurilmasi, Check Out)
2026-01-11 21:29:52 | INFO | [CRON: Fetch Logs] Check In qurilmasi: log yo'q
2026-01-11 21:29:56 | INFO | [CRON: Fetch Logs] Boshlandi: 2 ta qurilma (Check In qurilmasi, Check Out qurilmasi)
2026-01-11 21:29:58 | INFO | [CRON: Fetch Logs] Check In qurilmasi: log yo'q
2026-01-11 21:29:59 | INFO | [CRON: Fetch Logs] Check Out: log yo'q
2026-01-11 21:29:59 | INFO | [CRON: Fetch Logs] Check Out qurilmasi: log yo'q
2026-01-11 21:31:00 | INFO | [CRON: Fetch Logs] Boshlandi: 2 ta qurilma (Check In qurilmasi, Check Out)
2026-01-11 21:31:01 | INFO | [CRON: Fetch Logs] Check In qurilmasi: log yo'q
2026-01-11 21:31:04 | INFO | [CRON: Fetch Logs] Check Out: log yo'q
2026-01-11 21:31:04 | INFO | [CRON: Fetch Logs] Boshlandi: 2 ta qurilma (Check In qurilmasi, Check Out qurilmasi)
2026-01-11 21:31:16 | ERROR | [CRON: Fetch Logs] Check In qurilmasi xatosi: Connection failed: HTTPConnectionPool(host='hik2.codewar.uz', port=80): Read timed out. (read timeout=10)
2026-01-11 21:31:17 | INFO | [CRON: Fetch Logs] Check Out qurilmasi: log yo'q
2026-01-11 21:32:06 | INFO | [CRON: Fetch Logs] Boshlandi: 2 ta qurilma (Check In qurilmasi, Check Out)
2026-01-11 21:32:07 | INFO | [CRON: Fetch Logs] Check In qurilmasi: log yo'q
2026-01-11 21:32:10 | INFO | [CRON: Fetch Logs] Check Out: log yo'q
2026-01-11 21:32:13 | INFO | [CRON: Fetch Logs] Boshlandi: 2 ta qurilma (Check In qurilmasi, Check Out qurilmasi)
2026-01-11 21:32:18 | INFO | [CRON: Fetch Logs] Check In qurilmasi: log yo'q
2026-01-11 21:32:20 | INFO | [CRON: Fetch Logs] Check Out qurilmasi: log yo'q
2026-01-11 21:33:20 | INFO | [CRON: Fetch Logs] Boshlandi: 2 ta qurilma (Check In qurilmasi, Check Out)
2026-01-11 21:33:22 | INFO | [CRON: Fetch Logs] Boshlandi: 2 ta qurilma (Check In qurilmasi, Check Out qurilmasi)
2026-01-11 21:33:24 | INFO | [CRON: Fetch Logs] Check In qurilmasi: log yo'q
2026-01-11 21:33:24 | INFO | [CRON: Fetch Logs] Check In qurilmasi: log yo'q
2026-01-11 21:33:26 | INFO | [CRON: Fetch Logs] Check Out qurilmasi: log yo'q
2026-01-11 21:33:28 | INFO | [CRON: Fetch Logs] Check Out: log yo'q
2026-01-11 21:34:28 | INFO | [CRON: Fetch Logs] Boshlandi: 2 ta qurilma (Check In qurilmasi, Check Out)
2026-01-11 21:34:30 | INFO | [CRON: Fetch Logs] Boshlandi: 2 ta qurilma (Check In qurilmasi, Check Out qurilmasi)
2026-01-11 21:34:30 | INFO | [CRON: Fetch Logs] Check In qurilmasi: log yo'q
2026-01-11 21:34:32 | INFO | [CRON: Fetch Logs] Check Out: log yo'q
2026-01-11 21:34:32 | INFO | [CRON: Fetch Logs] Check In qurilmasi: log yo'q
2026-01-11 21:34:33 | INFO | [CRON: Fetch Logs] Check Out qurilmasi: log yo'q
2026-01-11 21:35:33 | INFO | [CRON: Fetch Logs] Boshlandi: 2 ta qurilma (Check In qurilmasi, Check Out)
2026-01-11 21:35:43 | INFO | [CRON: Fetch Logs] Check In qurilmasi: log yo'q
2026-01-11 21:35:43 | INFO | [CRON: Fetch Logs] Boshlandi: 2 ta qurilma (Check In qurilmasi, Check Out qurilmasi)
2026-01-11 21:35:44 | INFO | [CRON: Fetch Logs] Check Out: log yo'q
2026-01-11 21:35:45 | INFO | [CRON: Fetch Logs] Check In qurilmasi: log yo'q
2026-01-11 21:35:46 | INFO | [CRON: Fetch Logs] Check Out qurilmasi: log yo'q
2026-01-11 21:36:47 | INFO | [CRON: Fetch Logs] Boshlandi: 2 ta qurilma (Check In qurilmasi, Check Out)
2026-01-11 21:36:53 | INFO | [CRON: Fetch Logs] Check In qurilmasi: log yo'q
2026-01-11 21:36:53 | INFO | [CRON: Fetch Logs] Boshlandi: 2 ta qurilma (Check In qurilmasi, Check Out qurilmasi)
2026-01-11 21:36:56 | INFO | [CRON: Fetch Logs] Check In qurilmasi: log yo'q
2026-01-11 21:36:57 | INFO | [CRON: Fetch Logs] Check Out: log yo'q
2026-01-11 21:36:58 | INFO | [CRON: Fetch Logs] Check Out qurilmasi: log yo'q
2026-01-11 21:38:41 | INFO | [CRON: Fetch Logs] Boshlandi: 2 ta qurilma (Check In qurilmasi, Check Out)
2026-01-11 21:38:43 | INFO | [CRON: Fetch Logs] Check In qurilmasi: log yo'q
2026-01-11 21:38:44 | INFO | [CRON: Fetch Logs] Check Out: log yo'q
2026-01-11 21:38:45 | INFO | [CRON: Fetch Logs] Boshlandi: 2 ta qurilma (Check In qurilmasi, Check Out qurilmasi)
2026-01-11 21:38:49 | INFO | [CRON: Fetch Logs] Check In qurilmasi: log yo'q
2026-01-11 21:38:52 | INFO | [CRON: Fetch Logs] Check Out qurilmasi: log yo'q
2026-01-11 21:39:54 | INFO | [CRON: Fetch Logs] Boshlandi: 2 ta qurilma (Check In qurilmasi, Check Out)
2026-01-11 21:39:55 | INFO | [CRON: Fetch Logs] Boshlandi: 2 ta qurilma (Check In qurilmasi, Check Out qurilmasi)
2026-01-11 21:39:55 | INFO | [CRON: Fetch Logs] Check In qurilmasi: log yo'q
2026-01-11 21:39:57 | INFO | [CRON: Fetch Logs] Check In qurilmasi: log yo'q
2026-01-11 21:39:58 | INFO | [CRON: Fetch Logs] Check Out: log yo'q
2026-01-11 21:39:58 | INFO | [CRON: Fetch Logs] Check Out qurilmasi: log yo'q
2026-01-11 21:40:58 | INFO | [CRON: Fetch Logs] Boshlandi: 2 ta qurilma (Check In qurilmasi, Check Out)
2026-01-11 21:41:01 | INFO | [CRON: Fetch Logs] Check In qurilmasi: log yo'q
2026-01-11 21:41:05 | INFO | [CRON: Fetch Logs] Check Out: log yo'q
2026-01-11 21:41:06 | INFO | [CRON: Fetch Logs] Boshlandi: 2 ta qurilma (Check In qurilmasi, Check Out qurilmasi)
2026-01-11 21:41:11 | INFO | [CRON: Fetch Logs] Check In qurilmasi: log yo'q
2026-01-11 21:41:13 | INFO | [CRON: Fetch Logs] Check Out qurilmasi: log yo'q
2026-01-11 21:42:09 | INFO | [CRON: Fetch Logs] Boshlandi: 2 ta qurilma (Check In qurilmasi, Check Out)
2026-01-11 21:42:12 | INFO | [CRON: Fetch Logs] Check In qurilmasi: log yo'q
2026-01-11 21:42:14 | INFO | [CRON: Fetch Logs] Check Out: log yo'q
2026-01-11 21:42:14 | INFO | [CRON: Fetch Logs] Boshlandi: 2 ta qurilma (Check In qurilmasi, Check Out qurilmasi)
2026-01-11 21:42:16 | INFO | [CRON: Fetch Logs] Check In qurilmasi: log yo'q
2026-01-11 21:42:18 | INFO | [CRON: Fetch Logs] Check Out qurilmasi: log yo'q
2026-01-11 21:43:19 | INFO | [CRON: Fetch Logs] Boshlandi: 2 ta qurilma (Check In qurilmasi, Check Out)
2026-01-11 21:43:22 | INFO | [CRON: Fetch Logs] Check In qurilmasi: log yo'q
2026-01-11 21:43:23 | INFO | [CRON: Fetch Logs] Check Out: log yo'q
2026-01-11 21:43:24 | INFO | [CRON: Fetch Logs] Boshlandi: 2 ta qurilma (Check In qurilmasi, Check Out qurilmasi)
2026-01-11 21:43:26 | INFO | [CRON: Fetch Logs] Check In qurilmasi: log yo'q
2026-01-11 21:43:28 | INFO | [CRON: Fetch Logs] Check Out qurilmasi: log yo'q
2026-01-11 21:44:27 | INFO | [CRON: Fetch Logs] Boshlandi: 2 ta qurilma (Check In qurilmasi, Check Out)
2026-01-11 21:44:30 | INFO | [CRON: Fetch Logs] Check In qurilmasi: log yo'q
2026-01-11 21:44:30 | INFO | [CRON: Fetch Logs] Boshlandi: 2 ta qurilma (Check In qurilmasi, Check Out qurilmasi)
2026-01-11 21:44:31 | INFO | [CRON: Fetch Logs] Check Out: log yo'q
2026-01-11 21:44:31 | INFO | [CRON: Fetch Logs] Check In qurilmasi: log yo'q
2026-01-11 21:44:33 | INFO | [CRON: Fetch Logs] Check Out qurilmasi: log yo'q
2026-01-11 21:45:32 | INFO | [CRON: Fetch Logs] Boshlandi: 2 ta qurilma (Check In qurilmasi, Check Out)
2026-01-11 21:45:33 | INFO | [CRON: Fetch Logs] Check In qurilmasi: log yo'q
2026-01-11 21:45:34 | INFO | [CRON: Fetch Logs] Check Out: log yo'q
2026-01-11 21:45:34 | INFO | [CRON: Fetch Logs] Boshlandi: 2 ta qurilma (Check In qurilmasi, Check Out qurilmasi)
2026-01-11 21:45:36 | INFO | [CRON: Fetch Logs] Check In qurilmasi: log yo'q
2026-01-11 21:45:37 | INFO | [CRON: Fetch Logs] Check Out qurilmasi: log yo'q
2026-01-11 21:46:37 | INFO | [CRON: Fetch Logs] Boshlandi: 2 ta qurilma (Check In qurilmasi, Check Out)
2026-01-11 21:46:38 | INFO | [CRON: Fetch Logs] Check In qurilmasi: log yo'q
2026-01-11 21:46:39 | INFO | [CRON: Fetch Logs] Boshlandi: 2 ta qurilma (Check In qurilmasi, Check Out qurilmasi)
2026-01-11 21:46:39 | INFO | [CRON: Fetch Logs] Check Out: log yo'q
2026-01-11 21:46:41 | INFO | [CRON: Fetch Logs] Check In qurilmasi: log yo'q
2026-01-11 21:46:43 | INFO | [CRON: Fetch Logs] Check Out qurilmasi: log yo'q
2026-01-11 21:47:41 | INFO | [CRON: Fetch Logs] Boshlandi: 2 ta qurilma (Check In qurilmasi, Check Out)
2026-01-11 21:47:43 | INFO | [CRON: Fetch Logs] Check In qurilmasi: log yo'q
2026-01-11 21:47:44 | INFO | [CRON: Fetch Logs] Check Out: log yo'q
2026-01-11 21:47:45 | INFO | [CRON: Fetch Logs] Boshlandi: 2 ta qurilma (Check In qurilmasi, Check Out qurilmasi)
2026-01-11 21:47:47 | INFO | [CRON: Fetch Logs] Check In qurilmasi: log yo'q
2026-01-11 21:47:49 | INFO | [CRON: Fetch Logs] Check Out qurilmasi: log yo'q
2026-01-11 21:48:46 | INFO | [CRON: Fetch Logs] Boshlandi: 2 ta qurilma (Check In qurilmasi, Check Out)
2026-01-11 21:48:51 | INFO | [CRON: Fetch Logs] Boshlandi: 2 ta qurilma (Check In qurilmasi, Check Out qurilmasi)
2026-01-11 21:48:51 | INFO | [CRON: Fetch Logs] Check In qurilmasi: log yo'q
2026-01-11 21:48:52 | INFO | [CRON: Fetch Logs] Check Out: log yo'q
2026-01-11 21:48:52 | INFO | [CRON: Fetch Logs] Check In qurilmasi: log yo'q
2026-01-11 21:48:54 | INFO | [CRON: Fetch Logs] Check Out qurilmasi: log yo'q
2026-01-11 21:49:53 | INFO | [CRON: Fetch Logs] Boshlandi: 2 ta qurilma (Check In qurilmasi, Check Out)
2026-01-11 21:49:55 | INFO | [CRON: Fetch Logs] Check In qurilmasi: log yo'q
2026-01-11 21:49:55 | INFO | [CRON: Fetch Logs] Boshlandi: 2 ta qurilma (Check In qurilmasi, Check Out qurilmasi)
2026-01-11 21:49:56 | INFO | [CRON: Fetch Logs] Check Out: log yo'q
2026-01-11 21:49:58 | INFO | [CRON: Fetch Logs] Check In qurilmasi: log yo'q
2026-01-11 21:49:59 | INFO | [CRON: Fetch Logs] Check Out qurilmasi: log yo'q
2026-01-11 21:50:58 | INFO | [CRON: Fetch Logs] Boshlandi: 2 ta qurilma (Check In qurilmasi, Check Out)
2026-01-11 21:50:59 | INFO | [CRON: Fetch Logs] Check In qurilmasi: log yo'q
2026-01-11 21:51:01 | INFO | [CRON: Fetch Logs] Check Out: log yo'q
2026-01-11 21:51:02 | INFO | [CRON: Fetch Logs] Boshlandi: 2 ta qurilma (Check In qurilmasi, Check Out qurilmasi)
2026-01-11 21:51:04 | INFO | [CRON: Fetch Logs] Check In qurilmasi: log yo'q
2026-01-11 21:51:05 | INFO | [CRON: Fetch Logs] Check Out qurilmasi: log yo'q
2026-01-11 21:52:03 | INFO | [CRON: Fetch Logs] Boshlandi: 2 ta qurilma (Check In qurilmasi, Check Out)
2026-01-11 21:52:04 | INFO | [CRON: Fetch Logs] Check In qurilmasi: log yo'q
2026-01-11 21:52:06 | INFO | [CRON: Fetch Logs] Check Out: log yo'q
2026-01-11 21:52:06 | INFO | [CRON: Fetch Logs] Boshlandi: 2 ta qurilma (Check In qurilmasi, Check Out qurilmasi)
2026-01-11 21:52:08 | INFO | [CRON: Fetch Logs] Check In qurilmasi: log yo'q
2026-01-11 21:52:11 | INFO | [CRON: Fetch Logs] Check Out qurilmasi: log yo'q
2026-01-11 21:53:07 | INFO | [CRON: Fetch Logs] Boshlandi: 2 ta qurilma (Check In qurilmasi, Check Out)
2026-01-11 21:53:08 | INFO | [CRON: Fetch Logs] Check In qurilmasi: log yo'q
2026-01-11 21:53:10 | INFO | [CRON: Fetch Logs] Check Out: log yo'q
2026-01-11 21:53:11 | INFO | [CRON: Fetch Logs] Boshlandi: 2 ta qurilma (Check In qurilmasi, Check Out qurilmasi)
2026-01-11 21:53:12 | INFO | [CRON: Fetch Logs] Check In qurilmasi: log yo'q
2026-01-11 21:53:14 | INFO | [CRON: Fetch Logs] Check Out qurilmasi: log yo'q
2026-01-11 21:54:13 | INFO | [CRON: Fetch Logs] Boshlandi: 2 ta qurilma (Check In qurilmasi, Check Out)
2026-01-11 21:54:15 | INFO | [CRON: Fetch Logs] Boshlandi: 2 ta qurilma (Check In qurilmasi, Check Out qurilmasi)
2026-01-11 21:54:15 | INFO | [CRON: Fetch Logs] Check In qurilmasi: log yo'q
2026-01-11 21:54:16 | INFO | [CRON: Fetch Logs] Check In qurilmasi: log yo'q
2026-01-11 21:54:16 | INFO | [CRON: Fetch Logs] Check Out: log yo'q
2026-01-11 21:54:17 | INFO | [CRON: Fetch Logs] Check Out qurilmasi: log yo'q
2026-01-11 21:55:18 | INFO | [CRON: Fetch Logs] Boshlandi: 2 ta qurilma (Check In qurilmasi, Check Out)
2026-01-11 21:55:19 | INFO | [CRON: Fetch Logs] Check In qurilmasi: log yo'q
2026-01-11 21:55:20 | INFO | [CRON: Fetch Logs] Boshlandi: 2 ta qurilma (Check In qurilmasi, Check Out qurilmasi)
2026-01-11 21:55:21 | INFO | [CRON: Fetch Logs] Check In qurilmasi: log yo'q
2026-01-11 21:55:22 | INFO | [CRON: Fetch Logs] Check Out qurilmasi: log yo'q
2026-01-11 21:55:22 | INFO | [CRON: Fetch Logs] Check Out: log yo'q
